GROUP,PACKAGE,CLASS,INSTRUCTION_MISSED,INSTRUCTION_COVERED,BRANCH_MISSED,BRANCH_COVERED,LINE_MISSED,LINE_COVERED,COMPLEXITY_MISSED,COMPLEXITY_COVERED,METHOD_MISSED,METHOD_COVERED
Flag4j,default,TestingMatMult,911,0,14,0,129,0,13,0,6,0
Flag4j,com.flag4j.util,RandomCNumber,0,184,2,14,0,29,2,13,0,7
Flag4j,com.flag4j.util,StringUtils,7,46,1,5,2,9,2,4,1,2
Flag4j,com.flag4j.util,ArrayUtils,135,302,20,20,26,50,15,23,5,13
Flag4j,com.flag4j.util,Axis2D,0,34,0,0,0,6,0,4,0,4
Flag4j,com.flag4j.util,ShapeArrayChecks,7,189,1,29,2,42,2,24,1,10
Flag4j,com.flag4j.util,RandomTensor,136,15,10,0,24,4,11,1,6,1
Flag4j,com.flag4j.util,ErrorMessages,42,136,0,0,5,14,4,13,4,13
Flag4j,com.flag4j.operations.dense.complex,ComplexDenseSetOperations,7,361,0,28,2,49,1,24,1,10
Flag4j,com.flag4j.operations.dense.complex,ComplexDenseTranspose,7,241,0,20,2,34,1,16,1,6
Flag4j,com.flag4j.operations.dense.complex,ComplexMatrixMultiplication,7,1086,16,100,2,152,17,60,1,18
Flag4j,com.flag4j.operations.dense.complex,ComplexDenseOperations,7,247,0,22,2,44,1,21,1,10
Flag4j,com.flag4j.core,TensorBase,41,20,6,0,6,7,6,4,3,4
Flag4j,com.flag4j.core,SparseTensorBase,40,58,0,4,6,10,2,4,2,2
Flag4j,com.flag4j.core,VectorBase,37,23,2,0,4,5,2,3,1,3
Flag4j,com.flag4j.core,SparseMatrixBase,44,48,0,2,8,9,3,3,3,2
Flag4j,com.flag4j.core,MatrixBase,8,27,1,1,1,7,1,3,0,3
Flag4j,com.flag4j.core,RealMatrixBase,0,5,0,0,0,2,0,1,0,1
Flag4j,com.flag4j.core,ComplexMatrixBase,0,5,0,0,0,2,0,1,0,1
Flag4j,com.flag4j.core,SparseVectorBase,44,42,0,2,8,8,3,3,3,2
Flag4j,com.flag4j.core,VectorOrientation,0,21,0,0,0,4,0,1,0,1
Flag4j,com.flag4j.operations.dense.real,RealDenseOperations,7,210,0,18,2,39,1,18,1,9
Flag4j,com.flag4j.operations.dense.real,RealDenseTranspose,7,337,0,26,2,53,1,22,1,9
Flag4j,com.flag4j.operations.dense.real,RealMatrixMultiplication,7,1062,16,100,2,140,17,60,1,18
Flag4j,com.flag4j.operations.dense.real,RealDenseSetOperations,10,269,0,22,3,39,2,19,2,8
Flag4j,com.flag4j.operations.dense.real,RealDenseEquals,25,0,4,0,3,0,4,0,2,0
Flag4j,com.flag4j.operations.dense.real,RealDenseCheckOperations,61,0,8,0,14,0,7,0,3,0
Flag4j,com.flag4j.operations.dense.real,AggregateDenseReal,55,0,8,0,15,0,7,0,3,0
Flag4j,com.flag4j.operations.dense.real_complex,RealComplexDenseOperations,34,259,2,16,7,39,3,17,2,9
Flag4j,com.flag4j.operations.dense.real_complex,RealComplexDenseEquals,25,0,4,0,3,0,4,0,2,0
Flag4j,com.flag4j.operations,MatrixMultiply.Algorithm,75,0,0,0,4,0,1,0,1,0
Flag4j,com.flag4j.operations,MatrixMultiply,300,0,47,0,70,0,32,0,5,0
Flag4j,com.flag4j.operations.dense_sparse.real,RealDenseSparseEquals,95,0,8,0,18,0,6,0,2,0
Flag4j,com.flag4j.complex_numbers,CNumberToken,24,43,3,5,6,10,5,7,2,6
Flag4j,com.flag4j.complex_numbers,CNumberLexer,32,292,10,58,5,76,11,30,1,6
Flag4j,com.flag4j.complex_numbers,CNumber,162,1617,9,167,33,303,27,162,18,83
Flag4j,com.flag4j.complex_numbers,CNumberParser,8,166,2,14,2,37,3,7,1,1
Flag4j,com.flag4j.operations.concurrency,ThreadManager,22,67,2,2,8,12,3,6,1,6
Flag4j,com.flag4j.operations.concurrency,CheckConcurrent,25,29,8,6,5,8,8,3,2,2
Flag4j,com.flag4j.operations.concurrency,Configurations,46,13,0,0,15,5,7,3,7,3
Flag4j,com.flag4j.operations.dense_sparse.real_complex,RealComplexDenseSparseEquals,105,0,10,0,18,0,7,0,2,0
Flag4j,com.flag4j,CVector,0,158,0,0,0,37,0,13,0,13
Flag4j,com.flag4j,SparseVector,0,80,0,0,0,16,0,7,0,7
Flag4j,com.flag4j,SparseTensor,0,70,0,2,0,10,0,5,0,4
Flag4j,com.flag4j,Tensor,21,83,0,6,4,16,2,8,2,5
Flag4j,com.flag4j,Shape,4,424,2,38,1,66,3,33,1,15
Flag4j,com.flag4j,SparseCTensor,0,118,0,6,0,16,0,8,0,5
Flag4j,com.flag4j,Matrix,1202,601,71,13,216,76,158,38,122,32
Flag4j,com.flag4j,SparseMatrix,0,189,0,0,0,20,0,10,0,10
Flag4j,com.flag4j,Vector,0,122,0,4,0,24,0,11,0,9
Flag4j,com.flag4j,CTensor,0,145,0,6,0,29,0,11,0,8
Flag4j,com.flag4j,SparseCMatrix,0,288,0,0,0,35,0,13,0,13
Flag4j,com.flag4j,SparseCVector,0,125,0,0,0,23,0,9,0,9
Flag4j,com.flag4j,CMatrix,19,632,0,34,3,68,2,33,2,16
Flag4j,com.flag4j.linalg,Hessenburg,3,0,0,0,1,0,1,0,1,0
Flag4j,com.flag4j.linalg,Decompose,3,0,0,0,1,0,1,0,1,0
Flag4j,com.flag4j.linalg,RowEchelon,3,0,0,0,1,0,1,0,1,0
Flag4j,com.flag4j.linalg,Eigen,3,0,0,0,1,0,1,0,1,0
Flag4j,com.flag4j.linalg,PositiveDefiniteness,3,0,0,0,1,0,1,0,1,0
Flag4j,com.flag4j.linalg,SubSpace,3,0,0,0,1,0,1,0,1,0
Flag4j,com.flag4j.linalg,CreateMatrix,3,0,0,0,1,0,1,0,1,0
Flag4j,com.flag4j.io,TensorWriter,3,0,0,0,1,0,1,0,1,0
Flag4j,com.flag4j.io,TensorReader,3,0,0,0,1,0,1,0,1,0
Flag4j,com.flag4j.io,PrintOptions,18,72,0,8,8,28,2,15,2,11
Flag4j,com.flag4j.operations.common.real,Aggregate,3,150,0,24,1,30,1,17,1,5
Flag4j,com.flag4j.operations.common.real,RealOperations,214,22,16,2,34,4,15,2,7,1
