<?xml version="1.0" encoding="UTF-8" standalone="yes"?><!DOCTYPE report PUBLIC "-//JACOCO//DTD Report 1.1//EN" "report.dtd"><report name="Flag4j"><sessioninfo id="JacobDesktop-2d3a5d1f" start="1669609986158" dump="1669609986788"/><sessioninfo id="JacobDesktop-4a7909a3" start="1669610002202" dump="1669610002715"/><sessioninfo id="JacobDesktop-1974713d" start="1669610704255" dump="1669610704816"/><sessioninfo id="JacobDesktop-9b8a5624" start="1669610762368" dump="1669610762963"/><sessioninfo id="JacobDesktop-b01fc03d" start="1669610780108" dump="1669610780648"/><sessioninfo id="JacobDesktop-a8ef22b9" start="1669610805516" dump="1669610806050"/><sessioninfo id="JacobDesktop-ef67ea25" start="1669610829535" dump="1669610830084"/><sessioninfo id="JacobDesktop-d89f5c4e" start="1669610838049" dump="1669610838602"/><sessioninfo id="JacobDesktop-ea589ba6" start="1669610845849" dump="1669610846439"/><sessioninfo id="JacobDesktop-f08a1b62" start="1669611257254" dump="1669611257789"/><sessioninfo id="JacobDesktop-bf8f6b4" start="1669611271481" dump="1669611272005"/><sessioninfo id="JacobDesktop-3c1a8c15" start="1669611288555" dump="1669611289096"/><sessioninfo id="JacobDesktop-4d85dc08" start="1669611293583" dump="1669611294144"/><sessioninfo id="JacobDesktop-214facfb" start="1669612715910" dump="1669612716453"/><sessioninfo id="JacobDesktop-3f56a5ae" start="1669612721599" dump="1669612722125"/><sessioninfo id="JacobDesktop-3baaa47c" start="1669612737917" dump="1669612738460"/><sessioninfo id="JacobDesktop-4b07fe66" start="1669612782736" dump="1669612783273"/><sessioninfo id="JacobDesktop-ad7bfd32" start="1669684312740" dump="1669684313436"/><sessioninfo id="JacobDesktop-4a3314a6" start="1669696859795" dump="1669696860358"/><sessioninfo id="JacobDesktop-e16b7d1b" start="1669779312969" dump="1669779313650"/><sessioninfo id="JacobDesktop-de883dfa" start="1669779341801" dump="1669779342380"/><sessioninfo id="JacobDesktop-479c7fbb" start="1669779358544" dump="1669779359110"/><sessioninfo id="JacobDesktop-a1c4cfef" start="1669782218614" dump="1669782219223"/><sessioninfo id="JacobDesktop-4413caa" start="1669782225877" dump="1669782226445"/><sessioninfo id="JacobDesktop-322fc461" start="1669782377722" dump="1669782378279"/><sessioninfo id="JacobDesktop-42481658" start="1669782514342" dump="1669782514898"/><sessioninfo id="JacobDesktop-b76f0f76" start="1669782593732" dump="1669782594294"/><sessioninfo id="JacobDesktop-26eea8c0" start="1669782659992" dump="1669782660547"/><sessioninfo id="JacobDesktop-62d341a6" start="1669782730811" dump="1669782731360"/><sessioninfo id="JacobDesktop-43c507ad" start="1669782738763" dump="1669782739316"/><sessioninfo id="JacobDesktop-6109028f" start="1669782765635" dump="1669782766230"/><sessioninfo id="JacobDesktop-2457d1cd" start="1669782807290" dump="1669782807848"/><sessioninfo id="JacobDesktop-424cc7f5" start="1669782826477" dump="1669782827032"/><sessioninfo id="JacobDesktop-2c5b4aa" start="1669782842100" dump="1669782842660"/><sessioninfo id="JacobDesktop-5d4de0f7" start="1669783151928" dump="1669783152474"/><sessioninfo id="JacobDesktop-f5bcc074" start="1669783249654" dump="1669783250175"/><sessioninfo id="JacobDesktop-56105bd9" start="1669783273026" dump="1669783273574"/><sessioninfo id="JacobDesktop-b4904455" start="1669783545565" dump="1669783546137"/><sessioninfo id="JacobDesktop-4ff0213a" start="1669783590329" dump="1669783590902"/><sessioninfo id="JacobDesktop-ceb87dd8" start="1669783658536" dump="1669783659118"/><sessioninfo id="JacobDesktop-8539a65d" start="1669783675521" dump="1669783676066"/><sessioninfo id="JacobDesktop-464331a9" start="1669783727651" dump="1669783728189"/><sessioninfo id="JacobDesktop-8b73135f" start="1669784026934" dump="1669784027481"/><sessioninfo id="JacobDesktop-f3da94" start="1669784082879" dump="1669784083452"/><sessioninfo id="JacobDesktop-658a094c" start="1669784120063" dump="1669784120651"/><sessioninfo id="JacobDesktop-7b23e076" start="1669784140856" dump="1669784141431"/><sessioninfo id="JacobDesktop-35cf0a54" start="1669784556135" dump="1669784556707"/><sessioninfo id="JacobDesktop-86e0dd9d" start="1669784587289" dump="1669784587855"/><sessioninfo id="JacobDesktop-91f71649" start="1669784645938" dump="1669784646483"/><sessioninfo id="JacobDesktop-374cb676" start="1669785960450" dump="1669785960989"/><sessioninfo id="JacobDesktop-854288b2" start="1669785977872" dump="1669785978438"/><sessioninfo id="JacobDesktop-5f2faf1d" start="1669786032428" dump="1669786032973"/><sessioninfo id="JacobDesktop-8bf1c699" start="1669786127368" dump="1669786127891"/><sessioninfo id="JacobDesktop-6b10edbc" start="1669786189433" dump="1669786189983"/><sessioninfo id="JacobDesktop-26466f0e" start="1669786226964" dump="1669786227528"/><sessioninfo id="JacobDesktop-bf9ac54" start="1669786244126" dump="1669786244660"/><sessioninfo id="JacobDesktop-3e8d2ece" start="1669786254903" dump="1669786255443"/><sessioninfo id="JacobDesktop-4ba71ee0" start="1669786297026" dump="1669786297542"/><sessioninfo id="JacobDesktop-e915e128" start="1669786313006" dump="1669786313554"/><sessioninfo id="JacobDesktop-60a0d7bd" start="1669786378341" dump="1669786378870"/><sessioninfo id="JacobDesktop-97f3f7cc" start="1669786642116" dump="1669786642639"/><sessioninfo id="JacobDesktop-af851022" start="1669786724786" dump="1669786725317"/><sessioninfo id="JacobDesktop-464c159b" start="1669786820111" dump="1669786820652"/><sessioninfo id="JacobDesktop-4da5044e" start="1669786836567" dump="1669786837097"/><sessioninfo id="JacobDesktop-c9c1c06a" start="1669786880570" dump="1669786881119"/><sessioninfo id="JacobDesktop-fea9c256" start="1669786889305" dump="1669786889826"/><sessioninfo id="JacobDesktop-45a7f92f" start="1669786973961" dump="1669786974493"/><sessioninfo id="JacobDesktop-aa210884" start="1669787042407" dump="1669787042941"/><sessioninfo id="JacobDesktop-251c380e" start="1669787375424" dump="1669787375964"/><sessioninfo id="JacobDesktop-a4aecdd5" start="1669787397363" dump="1669787397869"/><sessioninfo id="JacobDesktop-65b55a1" start="1669787404301" dump="1669787404837"/><sessioninfo id="JacobDesktop-dd62fd2a" start="1669787413437" dump="1669787413984"/><sessioninfo id="JacobDesktop-a881674b" start="1669787457918" dump="1669787458472"/><sessioninfo id="JacobDesktop-2130fe09" start="1669787519428" dump="1669787519971"/><sessioninfo id="JacobDesktop-45f8420e" start="1669865352116" dump="1669865352885"/><sessioninfo id="JacobDesktop-a5036422" start="1669865884729" dump="1669865885351"/><sessioninfo id="JacobDesktop-ff976eb2" start="1669867731782" dump="1669867732333"/><sessioninfo id="JacobDesktop-3b00d663" start="1669868470154" dump="1669868470730"/><sessioninfo id="JacobDesktop-51127468" start="1669868484644" dump="1669868485243"/><sessioninfo id="JacobDesktop-ecf8eba8" start="1669868492634" dump="1669868493234"/><sessioninfo id="JacobDesktop-4765a471" start="1670212257560" dump="1670212258286"/><sessioninfo id="JacobDesktop-2649332f" start="1670215256394" dump="1670215257032"/><sessioninfo id="JacobDesktop-ff40c29f" start="1670215336208" dump="1670215336742"/><sessioninfo id="JacobDesktop-a1688ff2" start="1670215391051" dump="1670215391652"/><sessioninfo id="JacobDesktop-3ee75676" start="1670215511729" dump="1670215512271"/><sessioninfo id="JacobDesktop-badec0b3" start="1670215525169" dump="1670215525771"/><sessioninfo id="JacobDesktop-a554a425" start="1670215543506" dump="1670215544079"/><sessioninfo id="JacobDesktop-ba60c10c" start="1670266495591" dump="1670266496265"/><sessioninfo id="JacobDesktop-39a2a844" start="1670266681951" dump="1670266682550"/><sessioninfo id="JacobDesktop-eb130125" start="1670266791513" dump="1670266792014"/><sessioninfo id="JacobDesktop-26823b55" start="1670266837892" dump="1670266838467"/><sessioninfo id="JacobDesktop-ad935f2d" start="1670266864955" dump="1670266865520"/><sessioninfo id="JacobDesktop-e74d0c98" start="1670266889860" dump="1670266890509"/><sessioninfo id="JacobDesktop-3a6726b2" start="1670267078969" dump="1670267079529"/><sessioninfo id="JacobDesktop-7753704d" start="1670267407409" dump="1670267408008"/><sessioninfo id="JacobDesktop-96c657a5" start="1670267454858" dump="1670267455440"/><sessioninfo id="JacobDesktop-b0c0c7da" start="1670267559177" dump="1670267559671"/><sessioninfo id="JacobDesktop-e1299f5c" start="1670267569964" dump="1670267570521"/><sessioninfo id="JacobDesktop-b0668b27" start="1670267766255" dump="1670267766850"/><sessioninfo id="JacobDesktop-270a120f" start="1670267858154" dump="1670267858780"/><sessioninfo id="JacobDesktop-ca4ed9e0" start="1670267908287" dump="1670267908870"/><sessioninfo id="JacobDesktop-f68d7f25" start="1670267925192" dump="1670267925787"/><sessioninfo id="JacobDesktop-170642c0" start="1670268007584" dump="1670268008135"/><sessioninfo id="JacobDesktop-8e44c597" start="1670268036974" dump="1670268037580"/><sessioninfo id="JacobDesktop-9e5441c2" start="1670268105995" dump="1670268106596"/><sessioninfo id="JacobDesktop-1566781a" start="1670268112059" dump="1670268112672"/><sessioninfo id="JacobDesktop-2433d691" start="1670268122141" dump="1670268122730"/><sessioninfo id="JacobDesktop-b0dd0b68" start="1670268537670" dump="1670268538278"/><sessioninfo id="JacobDesktop-7c287608" start="1670268627977" dump="1670268628485"/><sessioninfo id="JacobDesktop-60fa4b8a" start="1670268642542" dump="1670268643037"/><sessioninfo id="JacobDesktop-bdd9f767" start="1670268657211" dump="1670268657721"/><sessioninfo id="JacobDesktop-bbd636b0" start="1670268670314" dump="1670268670919"/><sessioninfo id="JacobDesktop-b46a1494" start="1670268678506" dump="1670268679119"/><sessioninfo id="JacobDesktop-6591f55a" start="1670269317228" dump="1670269317739"/><sessioninfo id="JacobDesktop-22a9a4d8" start="1670269329571" dump="1670269330180"/><sessioninfo id="JacobDesktop-dc0655f3" start="1670269354027" dump="1670269354633"/><sessioninfo id="JacobDesktop-b451045e" start="1670269505766" dump="1670269506447"/><sessioninfo id="JacobDesktop-4434e336" start="1670269513145" dump="1670269513739"/><sessioninfo id="JacobDesktop-45e68150" start="1670269654148" dump="1670269654723"/><sessioninfo id="JacobDesktop-56c4f26a" start="1670269695738" dump="1670269696382"/><sessioninfo id="JacobDesktop-40e2d111" start="1670269915093" dump="1670269915655"/><sessioninfo id="JacobDesktop-a7ac6483" start="1670269929404" dump="1670269930080"/><sessioninfo id="JacobDesktop-f2d9e20" start="1670269939784" dump="1670269940387"/><sessioninfo id="JacobDesktop-f69d1672" start="1670269947961" dump="1670269948567"/><sessioninfo id="JacobDesktop-85d64cbe" start="1670269953915" dump="1670269954559"/><sessioninfo id="JacobDesktop-9e0f4a71" start="1670270979771" dump="1670270980383"/><sessioninfo id="JacobDesktop-a223896" start="1670276809753" dump="1670276810394"/><sessioninfo id="JacobDesktop-9fde9e22" start="1670277493383" dump="1670277494071"/><sessioninfo id="JacobDesktop-4a834ae" start="1670277506543" dump="1670277507157"/><sessioninfo id="JacobDesktop-60f95368" start="1670277530376" dump="1670277531005"/><sessioninfo id="JacobDesktop-ae125fe5" start="1670277636173" dump="1670277636809"/><sessioninfo id="JacobDesktop-1cf1864d" start="1670277743978" dump="1670277744633"/><sessioninfo id="JacobDesktop-fd52e16b" start="1670277907867" dump="1670277908525"/><sessioninfo id="JacobDesktop-e531a0fc" start="1670278073255" dump="1670278073883"/><sessioninfo id="JacobDesktop-8d5533f8" start="1670278135380" dump="1670278136005"/><sessioninfo id="JacobDesktop-58788708" start="1670278146038" dump="1670278146664"/><sessioninfo id="JacobDesktop-2e3c568a" start="1670278156739" dump="1670278157315"/><sessioninfo id="JacobDesktop-d30b006b" start="1670278351082" dump="1670278351775"/><sessioninfo id="JacobDesktop-38332a05" start="1670278372352" dump="1670278372967"/><sessioninfo id="JacobDesktop-c9c64e7f" start="1670278381324" dump="1670278382020"/><sessioninfo id="JacobDesktop-49b2f639" start="1670278389093" dump="1670278389685"/><sessioninfo id="JacobDesktop-a240cf08" start="1670278704372" dump="1670278705021"/><sessioninfo id="JacobDesktop-9d57c803" start="1670278751497" dump="1670278752181"/><sessioninfo id="JacobDesktop-9b5561cd" start="1670278780002" dump="1670278780686"/><sessioninfo id="JacobDesktop-a2178384" start="1670278835001" dump="1670278835622"/><sessioninfo id="JacobDesktop-22f97a8c" start="1670280287312" dump="1670280287960"/><sessioninfo id="JacobDesktop-ddbeea55" start="1670280322721" dump="1670280323375"/><sessioninfo id="JacobDesktop-c50779a6" start="1670280373381" dump="1670280374088"/><sessioninfo id="JacobDesktop-8a14f252" start="1670280379485" dump="1670280380145"/><sessioninfo id="JacobDesktop-a83c5b95" start="1670280398283" dump="1670280398906"/><sessioninfo id="JacobDesktop-1813d5d4" start="1670280520324" dump="1670280520937"/><sessioninfo id="JacobDesktop-edd00eb7" start="1670280549317" dump="1670280549960"/><sessioninfo id="JacobDesktop-e18ea8fa" start="1670280564507" dump="1670280565167"/><sessioninfo id="JacobDesktop-3b3dea40" start="1670280575535" dump="1670280576155"/><sessioninfo id="JacobDesktop-79f0ca1" start="1670281201076" dump="1670281201717"/><sessioninfo id="JacobDesktop-8372c798" start="1670281221988" dump="1670281222595"/><sessioninfo id="JacobDesktop-c71ed283" start="1670281314980" dump="1670281315619"/><sessioninfo id="JacobDesktop-a668c29c" start="1670281534616" dump="1670281535330"/><sessioninfo id="JacobDesktop-45045f08" start="1670281556174" dump="1670281556860"/><sessioninfo id="JacobDesktop-a7aa4a26" start="1670281769918" dump="1670281770615"/><sessioninfo id="JacobDesktop-ba73a494" start="1670281782954" dump="1670281783661"/><sessioninfo id="JacobDesktop-1d6cd8ff" start="1670281806615" dump="1670281807267"/><sessioninfo id="JacobDesktop-647f51c2" start="1670281818395" dump="1670281819085"/><sessioninfo id="JacobDesktop-632f70bc" start="1670281840729" dump="1670281841361"/><sessioninfo id="JacobDesktop-2085e45" start="1670281887260" dump="1670281887917"/><sessioninfo id="JacobDesktop-6986f9dd" start="1670281961860" dump="1670281962517"/><sessioninfo id="JacobDesktop-ae166938" start="1670282099096" dump="1670282099737"/><sessioninfo id="JacobDesktop-30ed0d98" start="1670282325160" dump="1670282325810"/><sessioninfo id="JacobDesktop-a40e591c" start="1670282337471" dump="1670282338102"/><sessioninfo id="JacobDesktop-6044cdda" start="1670283401407" dump="1670283402080"/><sessioninfo id="JacobDesktop-ad65a5aa" start="1670283427891" dump="1670283428573"/><sessioninfo id="JacobDesktop-2de31b20" start="1670283474181" dump="1670283474800"/><sessioninfo id="JacobDesktop-8156ce0c" start="1670283483755" dump="1670283484422"/><sessioninfo id="JacobDesktop-9a81a196" start="1670283528687" dump="1670283529327"/><sessioninfo id="JacobDesktop-f11c8bfa" start="1670283605291" dump="1670283605958"/><sessioninfo id="JacobDesktop-9883d8d5" start="1670283617342" dump="1670283617985"/><sessioninfo id="JacobDesktop-e532ba2b" start="1670283641624" dump="1670283642275"/><sessioninfo id="JacobDesktop-604f3a5" start="1670283739855" dump="1670283740530"/><sessioninfo id="JacobDesktop-ed3ca147" start="1670283751412" dump="1670283752145"/><sessioninfo id="JacobDesktop-560952b" start="1670283829057" dump="1670283829710"/><sessioninfo id="JacobDesktop-af03874e" start="1670283919739" dump="1670283920388"/><sessioninfo id="JacobDesktop-8e0673d4" start="1670283962438" dump="1670283963141"/><sessioninfo id="JacobDesktop-ffa11706" start="1670283998697" dump="1670283999329"/><sessioninfo id="JacobDesktop-2e2b1ce5" start="1670284065502" dump="1670284066175"/><sessioninfo id="JacobDesktop-80679223" start="1670284116164" dump="1670284116821"/><sessioninfo id="JacobDesktop-a31e1768" start="1670284389305" dump="1670284390004"/><sessioninfo id="JacobDesktop-4547d8bf" start="1670284407389" dump="1670284408025"/><sessioninfo id="JacobDesktop-2ac0a98d" start="1670284412742" dump="1670284413386"/><sessioninfo id="JacobDesktop-f863f110" start="1670284453943" dump="1670284454636"/><sessioninfo id="JacobDesktop-2c6b5407" start="1670284517012" dump="1670284517705"/><sessioninfo id="JacobDesktop-b19dee78" start="1670284566212" dump="1670284566865"/><sessioninfo id="JacobDesktop-4eed403" start="1670284611540" dump="1670284612204"/><sessioninfo id="JacobDesktop-f1da5268" start="1670284630153" dump="1670284630844"/><sessioninfo id="JacobDesktop-f9591890" start="1670285269188" dump="1670285269837"/><sessioninfo id="JacobDesktop-81822d6c" start="1670364221568" dump="1670364222360"/><sessioninfo id="JacobDesktop-c1183dee" start="1670364229191" dump="1670364229831"/><sessioninfo id="JacobDesktop-d567d908" start="1670364550563" dump="1670364551213"/><sessioninfo id="JacobDesktop-84cd8e3" start="1670364575762" dump="1670364576406"/><sessioninfo id="JacobDesktop-f0f8aad3" start="1670364584199" dump="1670364584876"/><sessioninfo id="JacobDesktop-83f08e3" start="1670364591010" dump="1670364591618"/><sessioninfo id="JacobDesktop-8c22b2c1" start="1670364596930" dump="1670364597536"/><sessioninfo id="JacobDesktop-e5810969" start="1670365716294" dump="1670365716906"/><sessioninfo id="JacobDesktop-c69edd50" start="1670365721422" dump="1670365722060"/><sessioninfo id="JacobDesktop-5b37f73d" start="1670366804730" dump="1670366805420"/><sessioninfo id="JacobDesktop-26d5d375" start="1670366990063" dump="1670366990730"/><sessioninfo id="JacobDesktop-3af22f3c" start="1670367004329" dump="1670367004992"/><sessioninfo id="JacobDesktop-1c33b27e" start="1670367136507" dump="1670367137180"/><sessioninfo id="JacobDesktop-b94f0dbc" start="1670367175027" dump="1670367175699"/><sessioninfo id="JacobDesktop-efb30baa" start="1670367184460" dump="1670367185118"/><sessioninfo id="JacobDesktop-40c7ef81" start="1670369107752" dump="1670369108425"/><sessioninfo id="JacobDesktop-822508f6" start="1670369166191" dump="1670369166880"/><sessioninfo id="JacobDesktop-347f50b5" start="1670369213562" dump="1670369214252"/><sessioninfo id="JacobDesktop-37a29c0e" start="1670369270999" dump="1670369271680"/><sessioninfo id="JacobDesktop-a12d4899" start="1670369290550" dump="1670369291259"/><sessioninfo id="JacobDesktop-58647890" start="1670369488376" dump="1670369489103"/><sessioninfo id="JacobDesktop-a6c7c97e" start="1670369982734" dump="1670369983419"/><sessioninfo id="JacobDesktop-a457204a" start="1670370305653" dump="1670370306342"/><sessioninfo id="JacobDesktop-5f5ac409" start="1670370391804" dump="1670370392534"/><sessioninfo id="JacobDesktop-52849c51" start="1670370448613" dump="1670370449289"/><sessioninfo id="JacobDesktop-e2ed0f6" start="1670370502096" dump="1670370502766"/><sessioninfo id="JacobDesktop-f59cae8d" start="1670370689953" dump="1670370690705"/><sessioninfo id="JacobDesktop-aacb07be" start="1670370739231" dump="1670370739945"/><sessioninfo id="JacobDesktop-28b7d8ad" start="1670370802556" dump="1670370803291"/><sessioninfo id="JacobDesktop-f6ccdfa2" start="1670370855067" dump="1670370855759"/><sessioninfo id="JacobDesktop-257da6b5" start="1670370895761" dump="1670370896492"/><sessioninfo id="JacobDesktop-87d2cc9e" start="1670371111157" dump="1670371111883"/><sessioninfo id="JacobDesktop-b04a9269" start="1670372102657" dump="1670372103369"/><sessioninfo id="JacobDesktop-8c49b7ad" start="1670372877831" dump="1670372878541"/><sessioninfo id="JacobDesktop-46ae4661" start="1670372986794" dump="1670372987519"/><sessioninfo id="JacobDesktop-de0bbf50" start="1670373056133" dump="1670373056839"/><sessioninfo id="JacobDesktop-f75c6d7b" start="1670373150941" dump="1670373151633"/><sessioninfo id="JacobDesktop-bf7e2b6d" start="1670373251213" dump="1670373251945"/><sessioninfo id="JacobDesktop-50100b4b" start="1670373259996" dump="1670373260734"/><sessioninfo id="JacobDesktop-d4375bd5" start="1670373578122" dump="1670373578857"/><sessioninfo id="JacobDesktop-d17107b0" start="1670373603507" dump="1670373604235"/><sessioninfo id="JacobDesktop-7fad226c" start="1670373759550" dump="1670373760228"/><sessioninfo id="JacobDesktop-302971c5" start="1670373923571" dump="1670373924276"/><sessioninfo id="JacobDesktop-43bb7557" start="1670373948808" dump="1670373949511"/><sessioninfo id="JacobDesktop-9d4ac658" start="1670374035086" dump="1670374035794"/><sessioninfo id="JacobDesktop-83395db2" start="1670374191230" dump="1670374191936"/><sessioninfo id="JacobDesktop-f8c1af0f" start="1670374198632" dump="1670374199385"/><sessioninfo id="JacobDesktop-b2862c9" start="1670374220000" dump="1670374220673"/><sessioninfo id="JacobDesktop-598498ce" start="1670374473402" dump="1670374474113"/><sessioninfo id="JacobDesktop-e8fc3be" start="1670374490320" dump="1670374491050"/><sessioninfo id="JacobDesktop-c5e1b9cc" start="1670374552725" dump="1670374553461"/><sessioninfo id="JacobDesktop-3d76b50f" start="1670374623271" dump="1670374624007"/><sessioninfo id="JacobDesktop-4dec859a" start="1670374728930" dump="1670374729622"/><sessioninfo id="JacobDesktop-2874a6c6" start="1670375842113" dump="1670375842884"/><sessioninfo id="JacobDesktop-ab7dc447" start="1670376021342" dump="1670376022050"/><sessioninfo id="JacobDesktop-a72c2fc8" start="1670376055555" dump="1670376056222"/><sessioninfo id="JacobDesktop-eda1f430" start="1670376069111" dump="1670376069800"/><sessioninfo id="JacobDesktop-ec3cc3ca" start="1670376125368" dump="1670376126062"/><sessioninfo id="JacobDesktop-8117214e" start="1670376150076" dump="1670376150712"/><sessioninfo id="JacobDesktop-195e815f" start="1670376232772" dump="1670376233462"/><sessioninfo id="JacobDesktop-c653f8a0" start="1670376316656" dump="1670376317389"/><sessioninfo id="JacobDesktop-f1524af" start="1670376323062" dump="1670376323755"/><sessioninfo id="JacobDesktop-33f4178b" start="1670376331979" dump="1670376332721"/><sessioninfo id="JacobDesktop-e33c9001" start="1670376342684" dump="1670376343361"/><sessioninfo id="JacobDesktop-c5cb1b85" start="1670376377814" dump="1670376378505"/><sessioninfo id="JacobDesktop-750c87a0" start="1670376412198" dump="1670376412904"/><sessioninfo id="JacobDesktop-9c0a7afa" start="1670376459272" dump="1670376459967"/><sessioninfo id="JacobDesktop-9be1cf1c" start="1670376479944" dump="1670376480642"/><sessioninfo id="JacobDesktop-a57543b7" start="1670376485637" dump="1670376486269"/><sessioninfo id="JacobDesktop-29a63ec4" start="1670376494293" dump="1670376494995"/><sessioninfo id="JacobDesktop-c9187940" start="1670382566658" dump="1670382567437"/><sessioninfo id="JacobDesktop-5e33c994" start="1670382619603" dump="1670382620362"/><sessioninfo id="JacobDesktop-2dfd58d9" start="1670382652172" dump="1670382652934"/><sessioninfo id="JacobDesktop-e70b7f3d" start="1670382680833" dump="1670382681633"/><sessioninfo id="JacobDesktop-aceed083" start="1670382895181" dump="1670382895896"/><sessioninfo id="JacobDesktop-5cb2b95c" start="1670382936150" dump="1670382936920"/><sessioninfo id="JacobDesktop-fc8a1274" start="1670383308544" dump="1670383309278"/><sessioninfo id="JacobDesktop-3b86f703" start="1670383343548" dump="1670383344232"/><sessioninfo id="JacobDesktop-d4010d3e" start="1670383525933" dump="1670383526619"/><sessioninfo id="JacobDesktop-fd6c84e8" start="1670383537468" dump="1670383538163"/><sessioninfo id="JacobDesktop-c9762b3c" start="1670383688280" dump="1670383688993"/><sessioninfo id="JacobDesktop-924df863" start="1670384290822" dump="1670384291520"/><sessioninfo id="JacobDesktop-99f175fa" start="1670384438076" dump="1670384438792"/><sessioninfo id="JacobDesktop-58d91806" start="1670384492569" dump="1670384493317"/><sessioninfo id="JacobDesktop-806bdfb6" start="1670384715115" dump="1670384715850"/><sessioninfo id="JacobDesktop-d4adf9cf" start="1670384763068" dump="1670384763826"/><sessioninfo id="JacobDesktop-f6d4e1fb" start="1670384935961" dump="1670384936699"/><sessioninfo id="JacobDesktop-44619db3" start="1670384963534" dump="1670384964232"/><sessioninfo id="JacobDesktop-fd7f4eba" start="1670385008413" dump="1670385009081"/><sessioninfo id="JacobDesktop-8dbc4885" start="1670385255529" dump="1670385256292"/><sessioninfo id="JacobDesktop-47d85de7" start="1670385475053" dump="1670385475767"/><sessioninfo id="JacobDesktop-90bc4a87" start="1670385508542" dump="1670385509232"/><sessioninfo id="JacobDesktop-2f5837ae" start="1670385514283" dump="1670385514970"/><sessioninfo id="JacobDesktop-26636edb" start="1670385562004" dump="1670385562752"/><sessioninfo id="JacobDesktop-750e0637" start="1670385653547" dump="1670385654259"/><sessioninfo id="JacobDesktop-aa12a0fa" start="1670452056076" dump="1670452057127"/><sessioninfo id="JacobDesktop-c18204d3" start="1670452195724" dump="1670452196537"/><sessioninfo id="JacobDesktop-f6af68a1" start="1670452200990" dump="1670452201702"/><sessioninfo id="JacobDesktop-b0aad0f0" start="1670452644188" dump="1670452644975"/><sessioninfo id="JacobDesktop-ccc72f52" start="1670452659512" dump="1670452660271"/><sessioninfo id="JacobDesktop-2679769d" start="1670453045269" dump="1670453046032"/><sessioninfo id="JacobDesktop-e861eb0e" start="1670453103175" dump="1670453103981"/><sessioninfo id="JacobDesktop-24514ea1" start="1670453136046" dump="1670453136767"/><sessioninfo id="JacobDesktop-805cb225" start="1670453179879" dump="1670453180613"/><sessioninfo id="JacobDesktop-b0dcf2d8" start="1670453190206" dump="1670453190983"/><sessioninfo id="JacobDesktop-138042f" start="1670453312617" dump="1670453313431"/><sessioninfo id="JacobDesktop-8c119483" start="1670453452308" dump="1670453453065"/><sessioninfo id="JacobDesktop-579ad1c2" start="1670453501079" dump="1670453501851"/><sessioninfo id="JacobDesktop-c3eb09da" start="1670453541389" dump="1670453542128"/><sessioninfo id="JacobDesktop-497ad5bd" start="1670453575532" dump="1670453576307"/><sessioninfo id="JacobDesktop-62f6daae" start="1670453598524" dump="1670453599291"/><sessioninfo id="JacobDesktop-98039869" start="1670453696668" dump="1670453697443"/><sessioninfo id="JacobDesktop-329b7d46" start="1670453708171" dump="1670453708929"/><sessioninfo id="JacobDesktop-c547e7d8" start="1670453833895" dump="1670453834641"/><sessioninfo id="JacobDesktop-7622f9c2" start="1670456113781" dump="1670456114595"/><sessioninfo id="JacobDesktop-7a18f871" start="1670457971269" dump="1670457972005"/><sessioninfo id="JacobDesktop-6cdcf1af" start="1670519229921" dump="1670519230895"/><sessioninfo id="JacobDesktop-c8863701" start="1670520023281" dump="1670520024036"/><sessioninfo id="JacobDesktop-f669fd53" start="1670520326915" dump="1670520327629"/><sessioninfo id="JacobDesktop-5617a9d4" start="1670520350152" dump="1670520350881"/><sessioninfo id="JacobDesktop-ed865e1a" start="1670520364976" dump="1670520365693"/><sessioninfo id="JacobDesktop-181c5286" start="1670520379529" dump="1670520380268"/><sessioninfo id="JacobDesktop-a4f676b9" start="1670520470640" dump="1670520471350"/><sessioninfo id="JacobDesktop-316e65a5" start="1670520478600" dump="1670520479349"/><sessioninfo id="JacobDesktop-845fc5ee" start="1670520732350" dump="1670520733048"/><sessioninfo id="JacobDesktop-fb2916bf" start="1670521298765" dump="1670521299457"/><sessioninfo id="JacobDesktop-2650d5d0" start="1670521503140" dump="1670521503846"/><sessioninfo id="JacobDesktop-1c9012b7" start="1670522459473" dump="1670522460274"/><sessioninfo id="JacobDesktop-9e6571d7" start="1670522982031" dump="1670522982740"/><sessioninfo id="JacobDesktop-70aca743" start="1670526543445" dump="1670526544147"/><sessioninfo id="JacobDesktop-49978783" start="1670526820299" dump="1670526821085"/><sessioninfo id="JacobDesktop-b26100ac" start="1670526842943" dump="1670526843677"/><sessioninfo id="JacobDesktop-7d88fad6" start="1670526879027" dump="1670526879780"/><sessioninfo id="JacobDesktop-7192174c" start="1670527006057" dump="1670527006779"/><sessioninfo id="JacobDesktop-c75af71f" start="1670527036007" dump="1670527036727"/><sessioninfo id="JacobDesktop-1baf071" start="1670527195085" dump="1670527195800"/><sessioninfo id="JacobDesktop-e2e599fe" start="1670527201346" dump="1670527202107"/><sessioninfo id="JacobDesktop-e9435289" start="1670527980953" dump="1670527981697"/><sessioninfo id="JacobDesktop-f9930ac1" start="1670529670287" dump="1670529671096"/><sessioninfo id="JacobDesktop-df83c754" start="1670529890423" dump="1670529891150"/><sessioninfo id="JacobDesktop-4f92e1c" start="1670530235902" dump="1670530236628"/><sessioninfo id="JacobDesktop-66901343" start="1670530498299" dump="1670530499036"/><sessioninfo id="JacobDesktop-4980943d" start="1670530517873" dump="1670530518589"/><sessioninfo id="JacobDesktop-7603b416" start="1670530678956" dump="1670530679682"/><sessioninfo id="JacobDesktop-24aec150" start="1670530746829" dump="1670530747570"/><sessioninfo id="JacobDesktop-65a6d48c" start="1670530780516" dump="1670530781224"/><sessioninfo id="JacobDesktop-4f005684" start="1670530809045" dump="1670530809765"/><sessioninfo id="JacobDesktop-3933f3b9" start="1670530851410" dump="1670530852131"/><sessioninfo id="JacobDesktop-c108fbdc" start="1670531066487" dump="1670531067211"/><sessioninfo id="JacobDesktop-dd7aca97" start="1670531928414" dump="1670531929199"/><sessioninfo id="JacobDesktop-87629709" start="1670531999166" dump="1670531999959"/><sessioninfo id="JacobDesktop-10237d13" start="1670532340829" dump="1670532341609"/><sessioninfo id="JacobDesktop-b4ebda55" start="1670532363390" dump="1670532364217"/><sessioninfo id="JacobDesktop-76b448cc" start="1670532859009" dump="1670532859837"/><sessioninfo id="JacobDesktop-45f1d51f" start="1670549587539" dump="1670549588545"/><sessioninfo id="JacobDesktop-9ef0c628" start="1670550370250" dump="1670550371245"/><sessioninfo id="JacobDesktop-c6cd5736" start="1670550405627" dump="1670550406469"/><sessioninfo id="JacobDesktop-8610ebb0" start="1670550592170" dump="1670550592983"/><sessioninfo id="JacobDesktop-c67a0c97" start="1670550607104" dump="1670550607917"/><sessioninfo id="JacobDesktop-ce92b2e8" start="1670550644788" dump="1670550645519"/><sessioninfo id="JacobDesktop-689a8bcb" start="1670550667169" dump="1670550667915"/><sessioninfo id="JacobDesktop-c9e6050d" start="1670550706524" dump="1670550707251"/><sessioninfo id="JacobDesktop-ae7bb4e4" start="1670550716900" dump="1670550717624"/><sessioninfo id="JacobDesktop-e139c1d9" start="1670551363971" dump="1670551364812"/><sessioninfo id="JacobDesktop-610b3ce" start="1670551621234" dump="1670551622070"/><sessioninfo id="JacobDesktop-94729a1f" start="1670551627748" dump="1670551628570"/><sessioninfo id="JacobDesktop-a1510a6a" start="1670551901252" dump="1670551902008"/><sessioninfo id="JacobDesktop-8e9e6ce8" start="1670552205419" dump="1670552206233"/><sessioninfo id="JacobDesktop-3c5f76f5" start="1670552314526" dump="1670552315346"/><sessioninfo id="JacobDesktop-eca109e2" start="1670552407466" dump="1670552408328"/><sessioninfo id="JacobDesktop-a8be2da8" start="1670552452505" dump="1670552453247"/><sessioninfo id="JacobDesktop-19f06c46" start="1670552458834" dump="1670552459585"/><sessioninfo id="JacobDesktop-2ddb46a5" start="1670552481094" dump="1670552481825"/><sessioninfo id="JacobDesktop-33f19ddb" start="1670554101728" dump="1670554102571"/><sessioninfo id="JacobDesktop-44d4329b" start="1670554143444" dump="1670554144274"/><sessioninfo id="JacobDesktop-c2671c29" start="1670554173323" dump="1670554174135"/><sessioninfo id="JacobDesktop-2512374" start="1670554665285" dump="1670554666147"/><sessioninfo id="JacobDesktop-22218e56" start="1670554791848" dump="1670554792682"/><sessioninfo id="JacobDesktop-738588ad" start="1670560900788" dump="1670560901833"/><sessioninfo id="JacobDesktop-be6c26bd" start="1670566956350" dump="1670566957183"/><sessioninfo id="JacobDesktop-1323361a" start="1670567088070" dump="1670567088842"/><sessioninfo id="JacobDesktop-530d67e0" start="1670567178795" dump="1670567179534"/><sessioninfo id="JacobDesktop-927c5856" start="1670567198136" dump="1670567198893"/><sessioninfo id="JacobDesktop-6d43d04c" start="1670567204466" dump="1670567205209"/><sessioninfo id="JacobDesktop-a298993c" start="1670605945324" dump="1670605946398"/><sessioninfo id="JacobDesktop-b28eb0c8" start="1670606781825" dump="1670606782698"/><sessioninfo id="JacobDesktop-ab68cbb" start="1670606796460" dump="1670606797306"/><sessioninfo id="JacobDesktop-33044d52" start="1670606845296" dump="1670606846152"/><sessioninfo id="JacobDesktop-3cd232e6" start="1670607103910" dump="1670607104759"/><sessioninfo id="JacobDesktop-f387e0ed" start="1670607159900" dump="1670607160715"/><sessioninfo id="JacobDesktop-d30332fc" start="1670607243419" dump="1670607244296"/><sessioninfo id="JacobDesktop-66e74b79" start="1670607290973" dump="1670607291922"/><sessioninfo id="JacobDesktop-4ebb7468" start="1670607624103" dump="1670607625173"/><sessioninfo id="JacobDesktop-3326e96c" start="1670607781556" dump="1670607782372"/><sessioninfo id="JacobDesktop-51cdd18e" start="1670607943630" dump="1670607944424"/><sessioninfo id="JacobDesktop-1ef5884d" start="1670607985100" dump="1670607985870"/><sessioninfo id="JacobDesktop-ad63c86e" start="1670607991558" dump="1670607992346"/><sessioninfo id="JacobDesktop-d98864c0" start="1670608090147" dump="1670608090979"/><sessioninfo id="JacobDesktop-cf3a7b52" start="1670608116198" dump="1670608117030"/><sessioninfo id="JacobDesktop-b722390c" start="1670608185627" dump="1670608186416"/><sessioninfo id="JacobDesktop-fc933d3e" start="1670608219182" dump="1670608219966"/><sessioninfo id="JacobDesktop-19a2262" start="1670608252333" dump="1670608253132"/><sessioninfo id="JacobDesktop-e024620b" start="1670608319761" dump="1670608320557"/><sessioninfo id="JacobDesktop-77c44a43" start="1670608502933" dump="1670608503677"/><sessioninfo id="JacobDesktop-fbe5b486" start="1670608571150" dump="1670608571991"/><sessioninfo id="JacobDesktop-584d0626" start="1670608755586" dump="1670608756381"/><sessioninfo id="JacobDesktop-726873b6" start="1670608771169" dump="1670608771984"/><sessioninfo id="JacobDesktop-a4b0be2b" start="1670608850029" dump="1670608850849"/><sessioninfo id="JacobDesktop-3f69bf34" start="1670608893960" dump="1670608894809"/><sessioninfo id="JacobDesktop-d365c78c" start="1670608969154" dump="1670608970006"/><sessioninfo id="JacobDesktop-cee4ab0e" start="1670609090152" dump="1670609090914"/><sessioninfo id="JacobDesktop-a83d06cc" start="1670609126234" dump="1670609127050"/><sessioninfo id="JacobDesktop-cdb71b1d" start="1670609166256" dump="1670609167041"/><sessioninfo id="JacobDesktop-17c9c78b" start="1670609197808" dump="1670609198590"/><sessioninfo id="JacobDesktop-b1a34a16" start="1670609300427" dump="1670609301204"/><sessioninfo id="JacobDesktop-9557f070" start="1670609493800" dump="1670609494589"/><sessioninfo id="JacobDesktop-81c5c062" start="1670609991434" dump="1670609992248"/><sessioninfo id="JacobDesktop-5b80e2d2" start="1670610713798" dump="1670610714528"/><sessioninfo id="JacobDesktop-34bb4add" start="1670610915986" dump="1670610916757"/><sessioninfo id="JacobDesktop-b1a5927e" start="1670611638578" dump="1670611639328"/><sessioninfo id="JacobDesktop-9ef415d1" start="1670614815339" dump="1670614816143"/><sessioninfo id="JacobDesktop-a6af15e5" start="1670614831997" dump="1670614832730"/><sessioninfo id="JacobDesktop-c82e5258" start="1670614887155" dump="1670614887866"/><sessioninfo id="JacobDesktop-6f388539" start="1670615457771" dump="1670615458501"/><sessioninfo id="JacobDesktop-628c1e71" start="1670615840526" dump="1670615841249"/><sessioninfo id="JacobDesktop-564231a8" start="1670618446188" dump="1670618446927"/><sessioninfo id="JacobDesktop-bacb80b0" start="1670694786184" dump="1670694787182"/><sessioninfo id="JacobDesktop-972ba4a3" start="1670697023547" dump="1670697024308"/><sessioninfo id="JacobDesktop-cea46f15" start="1670699226558" dump="1670699227355"/><sessioninfo id="JacobDesktop-2101e158" start="1670699283890" dump="1670699284751"/><sessioninfo id="JacobDesktop-83466c8d" start="1670729749038" dump="1670729749931"/><sessioninfo id="JacobDesktop-49cb906c" start="1670732762061" dump="1670732762981"/><sessioninfo id="JacobDesktop-35b801a" start="1670732789570" dump="1670732790371"/><sessioninfo id="JacobDesktop-6876fc50" start="1670732825476" dump="1670732826289"/><sessioninfo id="JacobDesktop-9081cd46" start="1670733094157" dump="1670733095229"/><sessioninfo id="JacobDesktop-f239c3af" start="1670738828683" dump="1670738829529"/><sessioninfo id="JacobDesktop-380ff2fd" start="1670738875960" dump="1670738876814"/><sessioninfo id="JacobDesktop-3b157f7c" start="1670739102973" dump="1670739103963"/><sessioninfo id="JacobDesktop-dbf71894" start="1670739222868" dump="1670739223790"/><sessioninfo id="JacobDesktop-cab9fbda" start="1670739261178" dump="1670739261977"/><sessioninfo id="JacobDesktop-ed872936" start="1670739524312" dump="1670739525060"/><sessioninfo id="JacobDesktop-78ecca5f" start="1670739536430" dump="1670739537206"/><sessioninfo id="JacobDesktop-e7428c26" start="1670739547157" dump="1670739547919"/><sessioninfo id="JacobDesktop-fdb0b3ee" start="1670739562515" dump="1670739563274"/><sessioninfo id="JacobDesktop-1f3d9cbf" start="1670739589944" dump="1670739590786"/><sessioninfo id="JacobDesktop-a153c74f" start="1670739640385" dump="1670739641153"/><sessioninfo id="JacobDesktop-5def7ef8" start="1670739697608" dump="1670739698412"/><sessioninfo id="JacobDesktop-48aff6aa" start="1670739759700" dump="1670739760459"/><sessioninfo id="JacobDesktop-73d79909" start="1670739806479" dump="1670739807285"/><sessioninfo id="JacobDesktop-6f86afca" start="1670742648166" dump="1670742648926"/><sessioninfo id="JacobDesktop-ed886939" start="1670778939567" dump="1670778940599"/><sessioninfo id="JacobDesktop-d1e93f5f" start="1670778962139" dump="1670778962996"/><sessioninfo id="JacobDesktop-790f404a" start="1670781358548" dump="1670781359313"/><sessioninfo id="JacobDesktop-81d52b79" start="1670781382681" dump="1670781383390"/><sessioninfo id="JacobDesktop-3f708512" start="1670957862235" dump="1670957863141"/><sessioninfo id="JacobDesktop-5c1b77b0" start="1670958074653" dump="1670958075418"/><sessioninfo id="JacobDesktop-ef64b71b" start="1670958213132" dump="1670958213979"/><sessioninfo id="JacobDesktop-464bf515" start="1670961191484" dump="1670961192344"/><sessioninfo id="JacobDesktop-2565c169" start="1670961823059" dump="1670961823922"/><sessioninfo id="JacobDesktop-1b27da5a" start="1670961839785" dump="1670961840617"/><sessioninfo id="JacobDesktop-a04eff77" start="1670961878518" dump="1670961879285"/><sessioninfo id="JacobDesktop-7f80bbe7" start="1670961895751" dump="1670961896568"/><sessioninfo id="JacobDesktop-13b7c1fb" start="1670961930811" dump="1670961931587"/><sessioninfo id="JacobDesktop-ea1a667b" start="1670961940374" dump="1670961941170"/><sessioninfo id="JacobDesktop-a525f802" start="1670961947699" dump="1670961948469"/><sessioninfo id="JacobDesktop-7d8d6e01" start="1670962345981" dump="1670962346757"/><sessioninfo id="JacobDesktop-ea7490e0" start="1670962358290" dump="1670962359110"/><sessioninfo id="JacobDesktop-be7e383f" start="1670962532768" dump="1670962533589"/><sessioninfo id="JacobDesktop-eecaa14b" start="1670962571767" dump="1670962572630"/><sessioninfo id="JacobDesktop-2082dfc" start="1670962669547" dump="1670962670371"/><sessioninfo id="JacobDesktop-48d2048b" start="1670962745010" dump="1670962745850"/><sessioninfo id="JacobDesktop-db3f66e8" start="1670962764848" dump="1670962765648"/><sessioninfo id="JacobDesktop-d8ef9366" start="1670962772549" dump="1670962773466"/><sessioninfo id="JacobDesktop-80ec1c56" start="1670962781509" dump="1670962782297"/><sessioninfo id="JacobDesktop-d3ed7f5c" start="1670962790837" dump="1670962791590"/><sessioninfo id="JacobDesktop-95fbe044" start="1670962812778" dump="1670962813758"/><sessioninfo id="JacobDesktop-87c5687e" start="1670962827766" dump="1670962828546"/><sessioninfo id="JacobDesktop-e9937f80" start="1670962846336" dump="1670962847150"/><sessioninfo id="JacobDesktop-3aa08015" start="1670962900411" dump="1670962901194"/><sessioninfo id="JacobDesktop-cba5990f" start="1670962949572" dump="1670962950409"/><sessioninfo id="JacobDesktop-fc553804" start="1670963078957" dump="1670963079724"/><sessioninfo id="JacobDesktop-7a16d82b" start="1670963128638" dump="1670963129402"/><sessioninfo id="JacobDesktop-5d19ed47" start="1670963159231" dump="1670963160037"/><sessioninfo id="JacobDesktop-881c876c" start="1670963213768" dump="1670963214557"/><sessioninfo id="JacobDesktop-9912478" start="1670963553216" dump="1670963554027"/><sessioninfo id="JacobDesktop-162758c0" start="1670963562420" dump="1670963563210"/><sessioninfo id="JacobDesktop-5cdb24e3" start="1670964932335" dump="1670964933177"/><sessioninfo id="JacobDesktop-4d00a71b" start="1670965055716" dump="1670965056685"/><sessioninfo id="JacobDesktop-f13615fa" start="1670965099433" dump="1670965100378"/><sessioninfo id="JacobDesktop-f549e514" start="1670965208921" dump="1670965209716"/><sessioninfo id="JacobDesktop-e789236" start="1670965286934" dump="1670965287771"/><sessioninfo id="JacobDesktop-8aea3456" start="1670965297136" dump="1670965297907"/><sessioninfo id="JacobDesktop-d269052e" start="1670965326969" dump="1670965327724"/><sessioninfo id="JacobDesktop-87db0e98" start="1670965478678" dump="1670965479525"/><sessioninfo id="JacobDesktop-965b49ab" start="1670965630104" dump="1670965630860"/><sessioninfo id="JacobDesktop-111eb551" start="1670965635665" dump="1670965636416"/><sessioninfo id="JacobDesktop-aec2ac84" start="1670965692579" dump="1670965693409"/><sessioninfo id="JacobDesktop-ef0b4920" start="1670965762770" dump="1670965763524"/><sessioninfo id="JacobDesktop-4c31b694" start="1670965767880" dump="1670965768631"/><sessioninfo id="JacobDesktop-2ed4014e" start="1670965779288" dump="1670965780124"/><sessioninfo id="JacobDesktop-5efe9789" start="1670965899609" dump="1670965900460"/><sessioninfo id="JacobDesktop-e9fc9e8f" start="1670965905515" dump="1670965906273"/><sessioninfo id="JacobDesktop-be27d5c0" start="1670965923143" dump="1670965923904"/><sessioninfo id="JacobDesktop-f1a612a" start="1670966057717" dump="1670966058524"/><sessioninfo id="JacobDesktop-e33b2d6" start="1670966135092" dump="1670966135837"/><sessioninfo id="JacobDesktop-ea9452ce" start="1670966563294" dump="1670966564158"/><sessioninfo id="JacobDesktop-2349fdca" start="1670966802189" dump="1670966803019"/><sessioninfo id="JacobDesktop-ad3344d3" start="1670967027581" dump="1670967028414"/><sessioninfo id="JacobDesktop-90c3c7f8" start="1670967034545" dump="1670967035329"/><sessioninfo id="JacobDesktop-ecb661a6" start="1670967075900" dump="1670967076763"/><sessioninfo id="JacobDesktop-272e2c8c" start="1670967170239" dump="1670967171095"/><sessioninfo id="JacobDesktop-ffe3698f" start="1670967280937" dump="1670967281757"/><sessioninfo id="JacobDesktop-bd6d0578" start="1670967290031" dump="1670967290849"/><sessioninfo id="JacobDesktop-ee61475f" start="1670967478580" dump="1670967479409"/><sessioninfo id="JacobDesktop-2ecb2aff" start="1670969472428" dump="1670969473189"/><sessioninfo id="JacobDesktop-be30a424" start="1670970116631" dump="1670970117559"/><sessioninfo id="JacobDesktop-16a1b6a5" start="1670970254000" dump="1670970254889"/><sessioninfo id="JacobDesktop-c489f690" start="1670970341253" dump="1670970342085"/><sessioninfo id="JacobDesktop-dfa16667" start="1670971297951" dump="1670971299105"/><sessioninfo id="JacobDesktop-e5a87612" start="1670971408710" dump="1670971409481"/><sessioninfo id="JacobDesktop-86d5d369" start="1670971454026" dump="1670971454938"/><sessioninfo id="JacobDesktop-1d0470b" start="1670971464283" dump="1670971465062"/><sessioninfo id="JacobDesktop-d23434ac" start="1670973885476" dump="1670973886267"/><sessioninfo id="JacobDesktop-aec3a7b9" start="1671045335388" dump="1671045336557"/><sessioninfo id="JacobDesktop-e9b6dee8" start="1671045358733" dump="1671045359566"/><sessioninfo id="JacobDesktop-46779755" start="1671045378680" dump="1671045379514"/><sessioninfo id="JacobDesktop-e5b9be5c" start="1671045659351" dump="1671045660195"/><sessioninfo id="JacobDesktop-21ceca05" start="1671045681661" dump="1671045682463"/><sessioninfo id="JacobDesktop-34731f99" start="1671045692378" dump="1671045693197"/><sessioninfo id="JacobDesktop-d136d56e" start="1671045704411" dump="1671045705208"/><sessioninfo id="JacobDesktop-60a8f2a6" start="1671045724967" dump="1671045725788"/><sessioninfo id="JacobDesktop-f988cabc" start="1671045781691" dump="1671045782495"/><sessioninfo id="JacobDesktop-7be32373" start="1671045913908" dump="1671045914723"/><sessioninfo id="JacobDesktop-da39babd" start="1671045958355" dump="1671045959135"/><sessioninfo id="JacobDesktop-f782dde0" start="1671046006024" dump="1671046006862"/><sessioninfo id="JacobDesktop-e3ef6da7" start="1671046027060" dump="1671046027881"/><sessioninfo id="JacobDesktop-ba8a38d9" start="1671046046153" dump="1671046046968"/><sessioninfo id="JacobDesktop-b0acaac4" start="1671046129201" dump="1671046130013"/><sessioninfo id="JacobDesktop-666162f3" start="1671046139364" dump="1671046140177"/><sessioninfo id="JacobDesktop-99c808" start="1671046154117" dump="1671046154938"/><sessioninfo id="JacobDesktop-d9a9a31d" start="1671046285071" dump="1671046285905"/><sessioninfo id="JacobDesktop-1520b5f5" start="1671046376878" dump="1671046377701"/><sessioninfo id="JacobDesktop-f396cf15" start="1671046412494" dump="1671046413269"/><sessioninfo id="JacobDesktop-7e7a84cd" start="1671046426191" dump="1671046426984"/><sessioninfo id="JacobDesktop-e0a173f3" start="1671046488596" dump="1671046489413"/><sessioninfo id="JacobDesktop-c8a509dc" start="1671046506381" dump="1671046507171"/><sessioninfo id="JacobDesktop-e9c2195f" start="1671046518295" dump="1671046519072"/><sessioninfo id="JacobDesktop-ccc97a7d" start="1671046532070" dump="1671046532871"/><sessioninfo id="JacobDesktop-bbdd9899" start="1671046577262" dump="1671046578076"/><sessioninfo id="JacobDesktop-dfb77f5b" start="1671046845432" dump="1671046846284"/><sessioninfo id="JacobDesktop-e7a8e86" start="1671046895915" dump="1671046896715"/><sessioninfo id="JacobDesktop-6fa998b0" start="1671046935647" dump="1671046936514"/><sessioninfo id="JacobDesktop-85a9570" start="1671046978495" dump="1671046979358"/><sessioninfo id="JacobDesktop-63a2b24" start="1671047858347" dump="1671047859179"/><sessioninfo id="JacobDesktop-ca8501e0" start="1671047874687" dump="1671047875475"/><sessioninfo id="JacobDesktop-ed111d91" start="1671047892568" dump="1671047893423"/><sessioninfo id="JacobDesktop-a3832c8e" start="1671047939714" dump="1671047940522"/><sessioninfo id="JacobDesktop-64b3a978" start="1671048620738" dump="1671048621569"/><sessioninfo id="JacobDesktop-dfcc848" start="1671048643306" dump="1671048644161"/><sessioninfo id="JacobDesktop-11881a5a" start="1671048683011" dump="1671048683823"/><sessioninfo id="JacobDesktop-bae8372e" start="1671048696243" dump="1671048697081"/><sessioninfo id="JacobDesktop-203c1a4d" start="1671048806044" dump="1671048806862"/><sessioninfo id="JacobDesktop-518d31c9" start="1671048835493" dump="1671048836313"/><sessioninfo id="JacobDesktop-93996a09" start="1671048855716" dump="1671048856511"/><sessioninfo id="JacobDesktop-266e013c" start="1671048910321" dump="1671048911113"/><sessioninfo id="JacobDesktop-421f240" start="1671048966969" dump="1671048967819"/><sessioninfo id="JacobDesktop-fcf01e86" start="1671049406610" dump="1671049407419"/><sessioninfo id="JacobDesktop-c3c87be7" start="1671049428493" dump="1671049429347"/><sessioninfo id="JacobDesktop-d5a12cf0" start="1671049593560" dump="1671049594381"/><sessioninfo id="JacobDesktop-80092a6f" start="1671049643763" dump="1671049644553"/><sessioninfo id="JacobDesktop-d5d49086" start="1671050773401" dump="1671050774259"/><sessioninfo id="JacobDesktop-52c8394f" start="1671050790616" dump="1671050791512"/><sessioninfo id="JacobDesktop-28816f25" start="1671050814324" dump="1671050815114"/><sessioninfo id="JacobDesktop-b1af2f66" start="1671051005288" dump="1671051006110"/><sessioninfo id="JacobDesktop-8113ead5" start="1671051038449" dump="1671051039312"/><sessioninfo id="JacobDesktop-239cd8d0" start="1671051073677" dump="1671051074533"/><sessioninfo id="JacobDesktop-983c56de" start="1671051135792" dump="1671051136599"/><sessioninfo id="JacobDesktop-de2cd825" start="1671051222900" dump="1671051223717"/><sessioninfo id="JacobDesktop-c4db45a3" start="1671051282083" dump="1671051282863"/><sessioninfo id="JacobDesktop-5e0a6237" start="1671051322778" dump="1671051323612"/><sessioninfo id="JacobDesktop-3491616a" start="1671051365743" dump="1671051366590"/><sessioninfo id="JacobDesktop-4370ddd1" start="1671136698685" dump="1671136699721"/><sessioninfo id="JacobDesktop-f471b3bd" start="1671136719985" dump="1671136720893"/><sessioninfo id="JacobDesktop-4ac10708" start="1671136863258" dump="1671136864065"/><sessioninfo id="JacobDesktop-3505d694" start="1671136900239" dump="1671136901013"/><sessioninfo id="JacobDesktop-77f90d96" start="1671136943606" dump="1671136944438"/><sessioninfo id="JacobDesktop-d08bce5c" start="1671136964740" dump="1671136965571"/><sessioninfo id="JacobDesktop-5a5d7a78" start="1671137084000" dump="1671137084778"/><sessioninfo id="JacobDesktop-72b3d83c" start="1671137104258" dump="1671137105043"/><sessioninfo id="JacobDesktop-4536bac7" start="1671137826289" dump="1671137827069"/><sessioninfo id="JacobDesktop-d07615b5" start="1671137888169" dump="1671137889006"/><sessioninfo id="JacobDesktop-6d30af15" start="1671137910150" dump="1671137910949"/><sessioninfo id="JacobDesktop-8d2d4211" start="1671137944386" dump="1671137945229"/><sessioninfo id="JacobDesktop-67d25d8" start="1671138049058" dump="1671138049893"/><sessioninfo id="JacobDesktop-678e1f0f" start="1671138098161" dump="1671138098948"/><sessioninfo id="JacobDesktop-5678629a" start="1671138143129" dump="1671138143916"/><sessioninfo id="JacobDesktop-98e3176f" start="1671138211502" dump="1671138212275"/><sessioninfo id="JacobDesktop-8276fef6" start="1671138249588" dump="1671138250470"/><sessioninfo id="JacobDesktop-4e83a3a5" start="1671138297547" dump="1671138298352"/><sessioninfo id="JacobDesktop-2f91f9a5" start="1671138424536" dump="1671138425466"/><sessioninfo id="JacobDesktop-61526017" start="1671138470492" dump="1671138471376"/><sessioninfo id="JacobDesktop-45f43efb" start="1671138734478" dump="1671138735358"/><sessioninfo id="JacobDesktop-cd613469" start="1671138802914" dump="1671138803834"/><sessioninfo id="JacobDesktop-9aec2be" start="1671138823129" dump="1671138823972"/><sessioninfo id="JacobDesktop-29aadb77" start="1671138987812" dump="1671138988671"/><sessioninfo id="JacobDesktop-5e87ead6" start="1671139018709" dump="1671139019555"/><sessioninfo id="JacobDesktop-1c4874da" start="1671139033702" dump="1671139034548"/><sessioninfo id="JacobDesktop-a80b2217" start="1671139043801" dump="1671139044640"/><sessioninfo id="JacobDesktop-662a8b8a" start="1671139136324" dump="1671139137176"/><sessioninfo id="JacobDesktop-cab532eb" start="1671139175829" dump="1671139176653"/><sessioninfo id="JacobDesktop-46342e71" start="1671139418271" dump="1671139419131"/><sessioninfo id="JacobDesktop-70c28b98" start="1671139460617" dump="1671139461495"/><sessioninfo id="JacobDesktop-d9ef25ed" start="1671139489469" dump="1671139490292"/><sessioninfo id="JacobDesktop-e7eb7a9e" start="1671139514960" dump="1671139515749"/><sessioninfo id="JacobDesktop-43d946cf" start="1671139528122" dump="1671139528941"/><sessioninfo id="JacobDesktop-e3eb1225" start="1671139584927" dump="1671139585725"/><sessioninfo id="JacobDesktop-19c79c6e" start="1671139602212" dump="1671139603045"/><sessioninfo id="JacobDesktop-85a6baed" start="1671139611701" dump="1671139612542"/><sessioninfo id="JacobDesktop-7bd476" start="1671139648589" dump="1671139649431"/><sessioninfo id="JacobDesktop-41b98cba" start="1671139758322" dump="1671139759146"/><sessioninfo id="JacobDesktop-a38da2e" start="1671139873284" dump="1671139874125"/><sessioninfo id="JacobDesktop-ba63de67" start="1671139904511" dump="1671139905360"/><sessioninfo id="JacobDesktop-1311d0ec" start="1671139938485" dump="1671139939328"/><sessioninfo id="JacobDesktop-50beab61" start="1671139976180" dump="1671139977012"/><sessioninfo id="JacobDesktop-83c19ee7" start="1671140215274" dump="1671140216105"/><sessioninfo id="JacobDesktop-7dbed203" start="1671140283334" dump="1671140284164"/><sessioninfo id="JacobDesktop-c5a3d34a" start="1671140294891" dump="1671140295697"/><sessioninfo id="JacobDesktop-94c6cacd" start="1671140308231" dump="1671140309036"/><sessioninfo id="JacobDesktop-6366f530" start="1671140363479" dump="1671140364305"/><sessioninfo id="JacobDesktop-8c69ad69" start="1671140400728" dump="1671140401527"/><sessioninfo id="JacobDesktop-b4ce98c4" start="1671140451081" dump="1671140451884"/><sessioninfo id="JacobDesktop-c7aead00" start="1671142293952" dump="1671142294832"/><sessioninfo id="JacobDesktop-1f50c7df" start="1671210000715" dump="1671210001827"/><sessioninfo id="JacobDesktop-f752a0aa" start="1671210025332" dump="1671210026105"/><sessioninfo id="JacobDesktop-f8df5ed7" start="1671210061976" dump="1671210062807"/><sessioninfo id="JacobDesktop-7a6bac17" start="1671210104196" dump="1671210104987"/><sessioninfo id="JacobDesktop-c7f7c315" start="1671210123463" dump="1671210124251"/><sessioninfo id="JacobDesktop-b85f3326" start="1671210139584" dump="1671210140460"/><sessioninfo id="JacobDesktop-e7c2721c" start="1671210213458" dump="1671210214252"/><sessioninfo id="JacobDesktop-e02d4065" start="1671210238055" dump="1671210238817"/><sessioninfo id="JacobDesktop-c73e63e9" start="1671210274484" dump="1671210275284"/><sessioninfo id="JacobDesktop-fb5f314a" start="1671210320087" dump="1671210320906"/><sessioninfo id="JacobDesktop-d3fdda0" start="1671210471575" dump="1671210472421"/><sessioninfo id="JacobDesktop-ce597eb" start="1671210491312" dump="1671210492093"/><sessioninfo id="JacobDesktop-57a24ec3" start="1671210518930" dump="1671210519745"/><sessioninfo id="JacobDesktop-4bfe5ba7" start="1671210532374" dump="1671210533171"/><sessioninfo id="JacobDesktop-e8d87dfa" start="1671210545861" dump="1671210546700"/><sessioninfo id="JacobDesktop-40ae2097" start="1671210557476" dump="1671210558280"/><sessioninfo id="JacobDesktop-8c4af811" start="1671210575284" dump="1671210576088"/><sessioninfo id="JacobDesktop-fc5d5681" start="1671210586355" dump="1671210587119"/><sessioninfo id="JacobDesktop-877a1a6b" start="1671210598441" dump="1671210599255"/><sessioninfo id="JacobDesktop-b9a9eb89" start="1671210715700" dump="1671210716490"/><sessioninfo id="JacobDesktop-5d5bea2f" start="1671210804234" dump="1671210805019"/><sessioninfo id="JacobDesktop-2f789de0" start="1671211170847" dump="1671211171668"/><sessioninfo id="JacobDesktop-54257379" start="1671211732540" dump="1671211733345"/><sessioninfo id="JacobDesktop-6a3668c4" start="1671211993986" dump="1671211994858"/><sessioninfo id="JacobDesktop-a9c302ac" start="1671212071574" dump="1671212072417"/><sessioninfo id="JacobDesktop-665356cc" start="1671212092497" dump="1671212093325"/><sessioninfo id="JacobDesktop-47534baa" start="1671212117013" dump="1671212117870"/><sessioninfo id="JacobDesktop-dfa09a01" start="1671212126137" dump="1671212126938"/><sessioninfo id="JacobDesktop-3d7ed6f0" start="1671213043174" dump="1671213043980"/><sessioninfo id="JacobDesktop-7459aa19" start="1671214726470" dump="1671214727140"/><sessioninfo id="JacobDesktop-398201d3" start="1671214752950" dump="1671214753544"/><sessioninfo id="JacobDesktop-c03c3e08" start="1671214822831" dump="1671214823432"/><sessioninfo id="JacobDesktop-5eeed35d" start="1671214840992" dump="1671214841567"/><sessioninfo id="JacobDesktop-a0e4a749" start="1671214855537" dump="1671214856252"/><sessioninfo id="JacobDesktop-8cdec532" start="1671214882903" dump="1671214883664"/><sessioninfo id="JacobDesktop-396c6327" start="1671214909373" dump="1671214910197"/><sessioninfo id="JacobDesktop-9bd0f84a" start="1671214923543" dump="1671214924346"/><sessioninfo id="JacobDesktop-23b28da5" start="1671214943830" dump="1671214944569"/><sessioninfo id="JacobDesktop-c4641007" start="1671215005048" dump="1671215005851"/><sessioninfo id="JacobDesktop-2dece722" start="1671215115141" dump="1671215115927"/><sessioninfo id="JacobDesktop-d5718e93" start="1671215124464" dump="1671215125175"/><sessioninfo id="JacobDesktop-eb6e50ab" start="1671215141592" dump="1671215142427"/><sessioninfo id="JacobDesktop-3006c89d" start="1671215474276" dump="1671215475149"/><sessioninfo id="JacobDesktop-a3ca6657" start="1671215597159" dump="1671215598052"/><sessioninfo id="JacobDesktop-374081a2" start="1671215709601" dump="1671215710434"/><sessioninfo id="JacobDesktop-ae3c0683" start="1671215829692" dump="1671215830513"/><sessioninfo id="JacobDesktop-4f58aa5" start="1671217376996" dump="1671217377801"/><sessioninfo id="JacobDesktop-82da6074" start="1671217396302" dump="1671217397033"/><sessioninfo id="JacobDesktop-82979e9e" start="1671217720303" dump="1671217721015"/><sessioninfo id="JacobDesktop-af043987" start="1671217793412" dump="1671217794273"/><sessioninfo id="JacobDesktop-8fd636e0" start="1671217908201" dump="1671217909001"/><sessioninfo id="JacobDesktop-fca4a7c9" start="1671217953891" dump="1671217954808"/><sessioninfo id="JacobDesktop-ceff46b9" start="1671217962555" dump="1671217963353"/><sessioninfo id="JacobDesktop-e94ea3f6" start="1671217993469" dump="1671217994261"/><sessioninfo id="JacobDesktop-191bb8ba" start="1671218094646" dump="1671218095436"/><sessioninfo id="JacobDesktop-60fc63be" start="1671219377941" dump="1671219378758"/><sessioninfo id="JacobDesktop-a0b94bb2" start="1671219429000" dump="1671219429842"/><sessioninfo id="JacobDesktop-60701fc0" start="1671219497205" dump="1671219498122"/><sessioninfo id="JacobDesktop-d9df3060" start="1671219512972" dump="1671219513884"/><sessioninfo id="JacobDesktop-92b3907a" start="1671220111113" dump="1671220111927"/><sessioninfo id="JacobDesktop-50db707c" start="1671220796085" dump="1671220796983"/><sessioninfo id="JacobDesktop-fbec47c5" start="1671221024851" dump="1671221025731"/><sessioninfo id="JacobDesktop-bc2de25e" start="1671221033626" dump="1671221034524"/><sessioninfo id="JacobDesktop-86700fbc" start="1671221127806" dump="1671221128745"/><sessioninfo id="JacobDesktop-163e54a2" start="1671221146249" dump="1671221147142"/><sessioninfo id="JacobDesktop-42bc6e80" start="1671221160306" dump="1671221161229"/><sessioninfo id="JacobDesktop-6cac45bf" start="1671221207515" dump="1671221208389"/><sessioninfo id="JacobDesktop-edfc7452" start="1671221262644" dump="1671221263529"/><sessioninfo id="JacobDesktop-65a82623" start="1671221277100" dump="1671221277969"/><sessioninfo id="JacobDesktop-6f3e7e97" start="1671221336569" dump="1671221337419"/><sessioninfo id="JacobDesktop-28ce6813" start="1671221369167" dump="1671221370106"/><sessioninfo id="JacobDesktop-19d2e37c" start="1671221380838" dump="1671221381703"/><sessioninfo id="JacobDesktop-13ef524" start="1671221392522" dump="1671221393352"/><sessioninfo id="JacobDesktop-180019c0" start="1671221411733" dump="1671221412630"/><sessioninfo id="JacobDesktop-904e6314" start="1671221476224" dump="1671221477137"/><sessioninfo id="JacobDesktop-c7645413" start="1671221538716" dump="1671221539563"/><sessioninfo id="JacobDesktop-cebed287" start="1671221544946" dump="1671221545783"/><sessioninfo id="JacobDesktop-c05ba7cb" start="1671222871652" dump="1671222872576"/><sessioninfo id="JacobDesktop-35c73410" start="1671222944370" dump="1671222945300"/><sessioninfo id="JacobDesktop-fa2683e2" start="1671226794806" dump="1671226795720"/><sessioninfo id="JacobDesktop-d665d097" start="1671226813075" dump="1671226813991"/><sessioninfo id="JacobDesktop-74cf73f0" start="1671226925127" dump="1671226926045"/><sessioninfo id="JacobDesktop-4085146b" start="1671226937390" dump="1671226938183"/><sessioninfo id="JacobDesktop-63a5cd5c" start="1671226967435" dump="1671226968239"/><sessioninfo id="JacobDesktop-8d75641e" start="1671227011905" dump="1671227012699"/><sessioninfo id="JacobDesktop-897bacd2" start="1671227219094" dump="1671227219904"/><sessioninfo id="JacobDesktop-5ce41bc1" start="1671227243612" dump="1671227244389"/><sessioninfo id="JacobDesktop-27e9e8b7" start="1671227250901" dump="1671227251719"/><sessioninfo id="JacobDesktop-d3bae7f2" start="1671227264850" dump="1671227265685"/><sessioninfo id="JacobDesktop-b333a7f8" start="1671227370134" dump="1671227370920"/><sessioninfo id="JacobDesktop-2319b2d1" start="1671227439657" dump="1671227440524"/><sessioninfo id="JacobDesktop-3e0d93b6" start="1671228297087" dump="1671228297936"/><sessioninfo id="JacobDesktop-5b37cd69" start="1671228354107" dump="1671228354941"/><sessioninfo id="JacobDesktop-9d6156de" start="1671303570357" dump="1671303571642"/><sessioninfo id="JacobDesktop-a7141337" start="1671305975648" dump="1671305976519"/><sessioninfo id="JacobDesktop-196fc284" start="1671306029980" dump="1671306030820"/><sessioninfo id="JacobDesktop-d08c0931" start="1671308542696" dump="1671308543655"/><sessioninfo id="JacobDesktop-c8018fe9" start="1671309682569" dump="1671309683472"/><sessioninfo id="JacobDesktop-cd2a9d0d" start="1671309820460" dump="1671309821350"/><sessioninfo id="JacobDesktop-660254bb" start="1671310106532" dump="1671310107355"/><sessioninfo id="JacobDesktop-8b96ab03" start="1671310126338" dump="1671310127246"/><sessioninfo id="JacobDesktop-5acc5211" start="1671310158542" dump="1671310159436"/><sessioninfo id="JacobDesktop-4d493f25" start="1671310860579" dump="1671310861505"/><sessioninfo id="JacobDesktop-423f208f" start="1671310872137" dump="1671310873026"/><sessioninfo id="JacobDesktop-21fe65a5" start="1671310887015" dump="1671310887855"/><sessioninfo id="JacobDesktop-69baae24" start="1671311219294" dump="1671311220154"/><sessioninfo id="JacobDesktop-3f3c61f0" start="1671311282918" dump="1671311283854"/><sessioninfo id="JacobDesktop-abac0960" start="1671311290216" dump="1671311291059"/><sessioninfo id="JacobDesktop-c7849d48" start="1671311297474" dump="1671311298322"/><sessioninfo id="JacobDesktop-af9e536" start="1671313493471" dump="1671313494259"/><sessioninfo id="JacobDesktop-dca9b7d2" start="1671313516139" dump="1671313517032"/><sessioninfo id="JacobDesktop-130071b7" start="1671313586388" dump="1671313587334"/><sessioninfo id="JacobDesktop-d91a6ad7" start="1671313719722" dump="1671313720603"/><sessioninfo id="JacobDesktop-102e1dfa" start="1671313878928" dump="1671313879771"/><sessioninfo id="JacobDesktop-8e0ca275" start="1671313980102" dump="1671313980990"/><sessioninfo id="JacobDesktop-4d768e6" start="1671315225948" dump="1671315226938"/><sessioninfo id="JacobDesktop-b10c4002" start="1671315346975" dump="1671315347842"/><sessioninfo id="JacobDesktop-cf7640d7" start="1671316423948" dump="1671316424838"/><sessioninfo id="JacobDesktop-f6935c53" start="1671316438987" dump="1671316439875"/><sessioninfo id="JacobDesktop-bd8b4a41" start="1671316545174" dump="1671316546052"/><sessioninfo id="JacobDesktop-eefd9058" start="1671316552825" dump="1671316553710"/><sessioninfo id="JacobDesktop-2432cf9b" start="1671316595091" dump="1671316596022"/><sessioninfo id="JacobDesktop-7fb7555f" start="1671316631547" dump="1671316632521"/><sessioninfo id="JacobDesktop-b8a706c2" start="1671316833237" dump="1671316834143"/><sessioninfo id="JacobDesktop-8b8b691c" start="1671316850875" dump="1671316851852"/><sessioninfo id="JacobDesktop-9edb5c79" start="1671316863919" dump="1671316864797"/><sessioninfo id="JacobDesktop-d8048db9" start="1671316879043" dump="1671316879948"/><sessioninfo id="JacobDesktop-40071550" start="1671317315237" dump="1671317316270"/><sessioninfo id="JacobDesktop-f386cd1e" start="1671317323967" dump="1671317324865"/><sessioninfo id="JacobDesktop-497f3d60" start="1671317414560" dump="1671317415535"/><sessioninfo id="JacobDesktop-fe9093d" start="1671317461864" dump="1671317462725"/><sessioninfo id="JacobDesktop-e6d420fd" start="1671317474568" dump="1671317475347"/><sessioninfo id="JacobDesktop-6e8da26d" start="1671387205791" dump="1671387206823"/><sessioninfo id="JacobDesktop-6e403a65" start="1671387242524" dump="1671387243266"/><sessioninfo id="JacobDesktop-fb6bea1e" start="1671387876555" dump="1671387877283"/><sessioninfo id="JacobDesktop-cdc6021c" start="1671388070921" dump="1671388071649"/><sessioninfo id="JacobDesktop-6ca92ca9" start="1671388095384" dump="1671388096196"/><sessioninfo id="JacobDesktop-e56bbeaa" start="1671388137873" dump="1671388138616"/><sessioninfo id="JacobDesktop-4e2528fc" start="1671388252022" dump="1671388252775"/><sessioninfo id="JacobDesktop-a504f874" start="1671388259423" dump="1671388260187"/><sessioninfo id="JacobDesktop-1a6d0cc6" start="1671388352668" dump="1671388353424"/><sessioninfo id="JacobDesktop-c210d708" start="1671388615798" dump="1671388616940"/><sessioninfo id="JacobDesktop-1a7c09a9" start="1671389459417" dump="1671389460176"/><sessioninfo id="JacobDesktop-66c95dcd" start="1671390193893" dump="1671390194631"/><sessioninfo id="JacobDesktop-c0fc04fb" start="1671390249102" dump="1671390249854"/><sessioninfo id="JacobDesktop-109d5f41" start="1671390256734" dump="1671390257509"/><sessioninfo id="JacobDesktop-fe38e44e" start="1671392697741" dump="1671392698535"/><sessioninfo id="JacobDesktop-ab9dc927" start="1671392811321" dump="1671392812121"/><sessioninfo id="JacobDesktop-4bcf334e" start="1671394613793" dump="1671394614539"/><sessioninfo id="JacobDesktop-2f10b113" start="1671395525472" dump="1671395526219"/><sessioninfo id="JacobDesktop-b49a5e6b" start="1671395547747" dump="1671395548477"/><sessioninfo id="JacobDesktop-786df325" start="1671395612778" dump="1671395613606"/><sessioninfo id="JacobDesktop-ae3202d0" start="1671395730235" dump="1671395731010"/><sessioninfo id="JacobDesktop-62597bc3" start="1671395741923" dump="1671395742627"/><sessioninfo id="JacobDesktop-2388ac05" start="1671395906573" dump="1671395907303"/><sessioninfo id="JacobDesktop-40851f71" start="1671395961122" dump="1671395961876"/><sessioninfo id="JacobDesktop-4cf9178d" start="1671396086914" dump="1671396087634"/><sessioninfo id="JacobDesktop-eb086ae6" start="1671396127171" dump="1671396127948"/><sessioninfo id="JacobDesktop-cf33d380" start="1671396178257" dump="1671396179016"/><sessioninfo id="JacobDesktop-d3abbf33" start="1671396216522" dump="1671396217478"/><sessioninfo id="JacobDesktop-e8371239" start="1671397536742" dump="1671397537646"/><sessioninfo id="JacobDesktop-9b90de87" start="1671397586150" dump="1671397587038"/><sessioninfo id="JacobDesktop-7146c212" start="1671397808581" dump="1671397809471"/><sessioninfo id="JacobDesktop-9477a815" start="1671397855973" dump="1671397856886"/><sessioninfo id="JacobDesktop-18304c4" start="1671398273329" dump="1671398274273"/><sessioninfo id="JacobDesktop-11d14b9b" start="1671398347127" dump="1671398348023"/><sessioninfo id="JacobDesktop-d7045a9a" start="1671398368391" dump="1671398369433"/><sessioninfo id="JacobDesktop-f257c371" start="1671398709327" dump="1671398710227"/><sessioninfo id="JacobDesktop-aa9831e3" start="1671398722513" dump="1671398723405"/><sessioninfo id="JacobDesktop-4f23fd0a" start="1671398761037" dump="1671398761972"/><sessioninfo id="JacobDesktop-f67372ca" start="1671398768361" dump="1671398769260"/><sessioninfo id="JacobDesktop-76928319" start="1671398778315" dump="1671398779232"/><sessioninfo id="JacobDesktop-1b523e7d" start="1671399093470" dump="1671399094385"/><sessioninfo id="JacobDesktop-4d273cc4" start="1671399111764" dump="1671399112589"/><sessioninfo id="JacobDesktop-f2ea0105" start="1671399215212" dump="1671399216163"/><sessioninfo id="JacobDesktop-b6f927a4" start="1671399239247" dump="1671399240145"/><sessioninfo id="JacobDesktop-c73b511d" start="1671399948988" dump="1671399949892"/><sessioninfo id="JacobDesktop-4d7f97fb" start="1671400025556" dump="1671400026472"/><sessioninfo id="JacobDesktop-86fd20bc" start="1671400040082" dump="1671400040992"/><sessioninfo id="JacobDesktop-c2463bb1" start="1671400215883" dump="1671400216769"/><sessioninfo id="JacobDesktop-8b38f406" start="1671400232054" dump="1671400232971"/><sessioninfo id="JacobDesktop-a3d1c1d" start="1671400314144" dump="1671400315071"/><sessioninfo id="JacobDesktop-4ea6b07c" start="1671401577342" dump="1671401578186"/><sessioninfo id="JacobDesktop-2c431bc3" start="1671401622323" dump="1671401623335"/><sessioninfo id="JacobDesktop-9cd5cae" start="1671401632284" dump="1671401633226"/><sessioninfo id="JacobDesktop-5badf7fc" start="1671401788309" dump="1671401796266"/><sessioninfo id="JacobDesktop-335b78e8" start="1671402330309" dump="1671402338114"/><package name="com/flag4j/operations/concurrency"><class name="com/flag4j/operations/concurrency/ThreadManager" sourcefilename="ThreadManager.java"><method name="&lt;init&gt;" desc="()V" line="38"><counter type="INSTRUCTION" missed="3" covered="0"/><counter type="LINE" missed="1" covered="0"/><counter type="COMPLEXITY" missed="1" covered="0"/><counter type="METHOD" missed="1" covered="0"/></method><method name="concurrentLoop" desc="(IILjava/util/function/IntConsumer;)V" line="51"><counter type="INSTRUCTION" missed="3" covered="10"/><counter type="LINE" missed="2" covered="3"/><counter type="COMPLEXITY" missed="0" covered="1"/><counter type="METHOD" missed="0" covered="1"/></method><method name="concurrentLoop" desc="(IIILjava/util/function/IntConsumer;)V" line="67"><counter type="INSTRUCTION" missed="12" covered="27"/><counter type="BRANCH" missed="2" covered="2"/><counter type="LINE" missed="3" covered="7"/><counter type="COMPLEXITY" missed="2" covered="1"/><counter type="METHOD" missed="0" covered="1"/></method><method name="lambda$concurrentLoop$2" desc="(ILjava/util/function/IntConsumer;II)V" line="72"><counter type="INSTRUCTION" missed="0" covered="10"/><counter type="LINE" missed="0" covered="1"/><counter type="COMPLEXITY" missed="0" covered="1"/><counter type="METHOD" missed="0" covered="1"/></method><method name="lambda$concurrentLoop$1" desc="(Ljava/util/function/IntConsumer;III)V" line="73"><counter type="INSTRUCTION" missed="0" covered="8"/><counter type="LINE" missed="0" covered="1"/><counter type="COMPLEXITY" missed="0" covered="1"/><counter type="METHOD" missed="0" covered="1"/></method><method name="lambda$concurrentLoop$0" desc="(IILjava/util/function/IntConsumer;)V" line="51"><counter type="INSTRUCTION" missed="0" covered="7"/><counter type="LINE" missed="0" covered="1"/><counter type="COMPLEXITY" missed="0" covered="1"/><counter type="METHOD" missed="0" covered="1"/></method><method name="&lt;clinit&gt;" desc="()V" line="40"><counter type="INSTRUCTION" missed="0" covered="5"/><counter type="LINE" missed="0" covered="1"/><counter type="COMPLEXITY" missed="0" covered="1"/><counter type="METHOD" missed="0" covered="1"/></method><counter type="INSTRUCTION" missed="18" covered="67"/><counter type="BRANCH" missed="2" covered="2"/><counter type="LINE" missed="6" covered="12"/><counter type="COMPLEXITY" missed="3" covered="6"/><counter type="METHOD" missed="1" covered="6"/><counter type="CLASS" missed="0" covered="1"/></class><class name="com/flag4j/operations/concurrency/CheckConcurrent" sourcefilename="CheckConcurrent.java"><method name="&lt;init&gt;" desc="()V" line="34"><counter type="INSTRUCTION" missed="7" covered="0"/><counter type="LINE" missed="2" covered="0"/><counter type="COMPLEXITY" missed="1" covered="0"/><counter type="METHOD" missed="1" covered="0"/></method><method name="simpleMatrixCheck" desc="(II)Z" line="55"><counter type="INSTRUCTION" missed="0" covered="7"/><counter type="LINE" missed="0" covered="1"/><counter type="COMPLEXITY" missed="0" covered="1"/><counter type="METHOD" missed="0" covered="1"/></method><method name="relaxedCheck" desc="(II)Z" line="67"><counter type="INSTRUCTION" missed="7" covered="0"/><counter type="LINE" missed="1" covered="0"/><counter type="COMPLEXITY" missed="1" covered="0"/><counter type="METHOD" missed="1" covered="0"/></method><method name="standardCheck" desc="(IIIII)Z" line="82"><counter type="INSTRUCTION" missed="11" covered="22"/><counter type="BRANCH" missed="8" covered="6"/><counter type="LINE" missed="2" covered="7"/><counter type="COMPLEXITY" missed="6" covered="2"/><counter type="METHOD" missed="0" covered="1"/></method><counter type="INSTRUCTION" missed="25" covered="29"/><counter type="BRANCH" missed="8" covered="6"/><counter type="LINE" missed="5" covered="8"/><counter type="COMPLEXITY" missed="8" covered="3"/><counter type="METHOD" missed="2" covered="2"/><counter type="CLASS" missed="0" covered="1"/></class><class name="com/flag4j/operations/concurrency/Configurations" sourcefilename="Configurations.java"><method name="&lt;init&gt;" desc="()V" line="35"><counter type="INSTRUCTION" missed="7" covered="0"/><counter type="LINE" missed="2" covered="0"/><counter type="COMPLEXITY" missed="1" covered="0"/><counter type="METHOD" missed="1" covered="0"/></method><method name="setNumThreadsAsAvailableProcessors" desc="()I" line="64"><counter type="INSTRUCTION" missed="9" covered="0"/><counter type="LINE" missed="2" covered="0"/><counter type="COMPLEXITY" missed="1" covered="0"/><counter type="METHOD" missed="1" covered="0"/></method><method name="getNumThreads" desc="()I" line="74"><counter type="INSTRUCTION" missed="0" covered="3"/><counter type="LINE" missed="0" covered="1"/><counter type="COMPLEXITY" missed="0" covered="1"/><counter type="METHOD" missed="0" covered="1"/></method><method name="setNumThreads" desc="(I)V" line="83"><counter type="INSTRUCTION" missed="8" covered="0"/><counter type="LINE" missed="2" covered="0"/><counter type="COMPLEXITY" missed="1" covered="0"/><counter type="METHOD" missed="1" covered="0"/></method><method name="getBlockSize" desc="()I" line="92"><counter type="INSTRUCTION" missed="0" covered="2"/><counter type="LINE" missed="0" covered="1"/><counter type="COMPLEXITY" missed="0" covered="1"/><counter type="METHOD" missed="0" covered="1"/></method><method name="setBlockSize" desc="(I)V" line="101"><counter type="INSTRUCTION" missed="5" covered="0"/><counter type="LINE" missed="2" covered="0"/><counter type="COMPLEXITY" missed="1" covered="0"/><counter type="METHOD" missed="1" covered="0"/></method><method name="getMinRecursiveSize" desc="()I" line="110"><counter type="INSTRUCTION" missed="2" covered="0"/><counter type="LINE" missed="1" covered="0"/><counter type="COMPLEXITY" missed="1" covered="0"/><counter type="METHOD" missed="1" covered="0"/></method><method name="setMinRecursiveSize" desc="(I)V" line="119"><counter type="INSTRUCTION" missed="5" covered="0"/><counter type="LINE" missed="2" covered="0"/><counter type="COMPLEXITY" missed="1" covered="0"/><counter type="METHOD" missed="1" covered="0"/></method><method name="resetAll" desc="()V" line="127"><counter type="INSTRUCTION" missed="10" covered="0"/><counter type="LINE" missed="4" covered="0"/><counter type="COMPLEXITY" missed="1" covered="0"/><counter type="METHOD" missed="1" covered="0"/></method><method name="&lt;clinit&gt;" desc="()V" line="39"><counter type="INSTRUCTION" missed="0" covered="8"/><counter type="LINE" missed="0" covered="3"/><counter type="COMPLEXITY" missed="0" covered="1"/><counter type="METHOD" missed="0" covered="1"/></method><counter type="INSTRUCTION" missed="46" covered="13"/><counter type="LINE" missed="15" covered="5"/><counter type="COMPLEXITY" missed="7" covered="3"/><counter type="METHOD" missed="7" covered="3"/><counter type="CLASS" missed="0" covered="1"/></class><sourcefile name="ThreadManager.java"><line nr="38" mi="3" ci="0" mb="0" cb="0"/><line nr="40" mi="0" ci="5" mb="0" cb="0"/><line nr="51" mi="0" ci="15" mb="0" cb="0"/><line nr="52" mi="1" ci="0" mb="0" cb="0"/><line nr="53" mi="2" ci="0" mb="0" cb="0"/><line nr="54" mi="0" ci="1" mb="0" cb="0"/><line nr="55" mi="0" ci="1" mb="0" cb="0"/><line nr="67" mi="0" ci="2" mb="1" cb="1"/><line nr="68" mi="7" ci="0" mb="0" cb="0"/><line nr="70" mi="0" ci="4" mb="0" cb="0"/><line nr="71" mi="2" ci="10" mb="1" cb="1"/><line nr="72" mi="0" ci="17" mb="0" cb="0"/><line nr="73" mi="0" ci="8" mb="0" cb="0"/><line nr="74" mi="0" ci="2" mb="0" cb="0"/><line nr="75" mi="1" ci="0" mb="0" cb="0"/><line nr="76" mi="2" ci="0" mb="0" cb="0"/><line nr="77" mi="0" ci="1" mb="0" cb="0"/><line nr="78" mi="0" ci="1" mb="0" cb="0"/><counter type="INSTRUCTION" missed="18" covered="67"/><counter type="BRANCH" missed="2" covered="2"/><counter type="LINE" missed="6" covered="12"/><counter type="COMPLEXITY" missed="3" covered="6"/><counter type="METHOD" missed="1" covered="6"/><counter type="CLASS" missed="0" covered="1"/></sourcefile><sourcefile name="CheckConcurrent.java"><line nr="34" mi="2" ci="0" mb="0" cb="0"/><line nr="36" mi="5" ci="0" mb="0" cb="0"/><line nr="55" mi="0" ci="7" mb="0" cb="0"/><line nr="67" mi="7" ci="0" mb="0" cb="0"/><line nr="82" mi="0" ci="2" mb="0" cb="0"/><line nr="84" mi="0" ci="3" mb="1" cb="1"/><line nr="85" mi="0" ci="6" mb="1" cb="3"/><line nr="86" mi="0" ci="3" mb="0" cb="0"/><line nr="87" mi="3" ci="3" mb="3" cb="1"/><line nr="88" mi="3" ci="0" mb="0" cb="0"/><line nr="89" mi="3" ci="3" mb="3" cb="1"/><line nr="90" mi="2" ci="0" mb="0" cb="0"/><line nr="94" mi="0" ci="2" mb="0" cb="0"/><counter type="INSTRUCTION" missed="25" covered="29"/><counter type="BRANCH" missed="8" covered="6"/><counter type="LINE" missed="5" covered="8"/><counter type="COMPLEXITY" missed="8" covered="3"/><counter type="METHOD" missed="2" covered="2"/><counter type="CLASS" missed="0" covered="1"/></sourcefile><sourcefile name="Configurations.java"><line nr="35" mi="2" ci="0" mb="0" cb="0"/><line nr="36" mi="5" ci="0" mb="0" cb="0"/><line nr="39" mi="0" ci="3" mb="0" cb="0"/><line nr="47" mi="0" ci="2" mb="0" cb="0"/><line nr="52" mi="0" ci="3" mb="0" cb="0"/><line nr="64" mi="6" ci="0" mb="0" cb="0"/><line nr="65" mi="3" ci="0" mb="0" cb="0"/><line nr="74" mi="0" ci="3" mb="0" cb="0"/><line nr="83" mi="7" ci="0" mb="0" cb="0"/><line nr="84" mi="1" ci="0" mb="0" cb="0"/><line nr="92" mi="0" ci="2" mb="0" cb="0"/><line nr="101" mi="4" ci="0" mb="0" cb="0"/><line nr="102" mi="1" ci="0" mb="0" cb="0"/><line nr="110" mi="2" ci="0" mb="0" cb="0"/><line nr="119" mi="4" ci="0" mb="0" cb="0"/><line nr="120" mi="1" ci="0" mb="0" cb="0"/><line nr="127" mi="5" ci="0" mb="0" cb="0"/><line nr="128" mi="2" ci="0" mb="0" cb="0"/><line nr="129" mi="2" ci="0" mb="0" cb="0"/><line nr="130" mi="1" ci="0" mb="0" cb="0"/><counter type="INSTRUCTION" missed="46" covered="13"/><counter type="LINE" missed="15" covered="5"/><counter type="COMPLEXITY" missed="7" covered="3"/><counter type="METHOD" missed="7" covered="3"/><counter type="CLASS" missed="0" covered="1"/></sourcefile><counter type="INSTRUCTION" missed="89" covered="109"/><counter type="BRANCH" missed="10" covered="8"/><counter type="LINE" missed="26" covered="25"/><counter type="COMPLEXITY" missed="18" covered="12"/><counter type="METHOD" missed="10" covered="11"/><counter type="CLASS" missed="0" covered="3"/></package><package name="com/flag4j/util"><class name="com/flag4j/util/RandomCNumber" sourcefilename="RandomCNumber.java"><method name="&lt;init&gt;" desc="()V" line="43"><counter type="INSTRUCTION" missed="0" covered="8"/><counter type="LINE" missed="0" covered="3"/><counter type="COMPLEXITY" missed="0" covered="1"/><counter type="METHOD" missed="0" covered="1"/></method><method name="&lt;init&gt;" desc="(J)V" line="53"><counter type="INSTRUCTION" missed="0" covered="9"/><counter type="LINE" missed="0" covered="3"/><counter type="COMPLEXITY" missed="0" covered="1"/><counter type="METHOD" missed="0" covered="1"/></method><method name="randn" desc="()Lcom/flag4j/complex_numbers/CNumber;" line="65"><counter type="INSTRUCTION" missed="0" covered="4"/><counter type="LINE" missed="0" covered="1"/><counter type="COMPLEXITY" missed="0" covered="1"/><counter type="METHOD" missed="0" covered="1"/></method><method name="random" desc="()Lcom/flag4j/complex_numbers/CNumber;" line="74"><counter type="INSTRUCTION" missed="0" covered="5"/><counter type="LINE" missed="0" covered="1"/><counter type="COMPLEXITY" missed="0" covered="1"/><counter type="METHOD" missed="0" covered="1"/></method><method name="randn" desc="(Z)Lcom/flag4j/complex_numbers/CN
[...]
><line nr="181" mi="12" ci="0" mb="0" cb="0"/><line nr="184" mi="0" ci="3" mb="1" cb="1"/><line nr="185" mi="0" ci="4" mb="0" cb="2"/><line nr="186" mi="0" ci="2" mb="0" cb="0"/><line nr="187" mi="0" ci="6" mb="0" cb="0"/><line nr="190" mi="0" ci="3" mb="0" cb="0"/><line nr="191" mi="0" ci="2" mb="0" cb="0"/><line nr="195" mi="0" ci="2" mb="0" cb="2"/><line nr="197" mi="0" ci="6" mb="0" cb="4"/><line nr="198" mi="0" ci="6" mb="0" cb="0"/><line nr="200" mi="0" ci="6" mb="0" cb="4"/><line nr="201" mi="0" ci="6" mb="0" cb="0"/><line nr="203" mi="0" ci="3" mb="0" cb="2"/><line nr="204" mi="0" ci="6" mb="0" cb="0"/><line nr="206" mi="0" ci="3" mb="1" cb="1"/><line nr="207" mi="0" ci="6" mb="0" cb="0"/><line nr="210" mi="3" ci="0" mb="0" cb="0"/><line nr="211" mi="2" ci="0" mb="0" cb="0"/><line nr="221" mi="0" ci="5" mb="0" cb="0"/><counter type="INSTRUCTION" missed="32" covered="295"/><counter type="BRANCH" missed="10" covered="58"/><counter type="LINE" missed="5" covered="77"/><counter type="COMPLEXITY" missed="11" covered="30"/><counter type="METHOD" missed="1" covered="6"/><counter type="CLASS" missed="0" covered="1"/></sourcefile><sourcefile name="CNumberToken.java"><line nr="41" mi="0" ci="2" mb="0" cb="0"/><line nr="42" mi="0" ci="6" mb="0" cb="0"/><line nr="43" mi="0" ci="1" mb="0" cb="0"/><line nr="53" mi="0" ci="5" mb="0" cb="0"/><line nr="61" mi="3" ci="0" mb="0" cb="0"/><line nr="68" mi="0" ci="3" mb="0" cb="0"/><line nr="79" mi="0" ci="14" mb="1" cb="3"/><line nr="90" mi="0" ci="5" mb="1" cb="1"/><line nr="91" mi="6" ci="0" mb="0" cb="0"/><line nr="92" mi="2" ci="0" mb="0" cb="0"/><line nr="94" mi="0" ci="1" mb="0" cb="0"/><line nr="103" mi="0" ci="5" mb="1" cb="1"/><line nr="104" mi="5" ci="0" mb="0" cb="0"/><line nr="105" mi="2" ci="0" mb="0" cb="0"/><line nr="107" mi="0" ci="1" mb="0" cb="0"/><line nr="115" mi="6" ci="0" mb="0" cb="0"/><counter type="INSTRUCTION" missed="24" covered="43"/><counter type="BRANCH" missed="3" covered="5"/><counter type="LINE" missed="6" covered="10"/><counter type="COMPLEXITY" missed="5" covered="7"/><counter type="METHOD" missed="2" covered="6"/><counter type="CLASS" missed="0" covered="1"/></sourcefile><sourcefile name="CNumberParser.java"><line nr="30" mi="3" ci="0" mb="0" cb="0"/><line nr="42" mi="0" ci="3" mb="0" cb="0"/><line nr="44" mi="0" ci="5" mb="0" cb="0"/><line nr="51" mi="0" ci="3" mb="0" cb="0"/><line nr="52" mi="0" ci="5" mb="0" cb="2"/><line nr="53" mi="0" ci="4" mb="0" cb="0"/><line nr="54" mi="0" ci="5" mb="0" cb="0"/><line nr="57" mi="0" ci="2" mb="0" cb="0"/><line nr="58" mi="0" ci="3" mb="0" cb="0"/><line nr="60" mi="0" ci="5" mb="0" cb="2"/><line nr="61" mi="0" ci="6" mb="0" cb="0"/><line nr="62" mi="0" ci="5" mb="0" cb="0"/><line nr="64" mi="0" ci="5" mb="0" cb="2"/><line nr="65" mi="0" ci="2" mb="0" cb="0"/><line nr="66" mi="0" ci="4" mb="0" cb="0"/><line nr="68" mi="0" ci="3" mb="0" cb="0"/><line nr="69" mi="0" ci="4" mb="0" cb="0"/><line nr="71" mi="0" ci="5" mb="1" cb="1"/><line nr="72" mi="5" ci="0" mb="0" cb="0"/><line nr="75" mi="0" ci="7" mb="0" cb="0"/><line nr="79" mi="0" ci="2" mb="0" cb="0"/><line nr="81" mi="0" ci="8" mb="1" cb="3"/><line nr="82" mi="0" ci="3" mb="0" cb="0"/><line nr="85" mi="0" ci="3" mb="0" cb="0"/><line nr="88" mi="0" ci="5" mb="0" cb="2"/><line nr="89" mi="0" ci="3" mb="0" cb="0"/><line nr="90" mi="0" ci="4" mb="0" cb="0"/><line nr="92" mi="0" ci="6" mb="0" cb="0"/><line nr="93" mi="0" ci="4" mb="0" cb="0"/><line nr="95" mi="0" ci="5" mb="0" cb="2"/><line nr="96" mi="0" ci="8" mb="0" cb="0"/><line nr="100" mi="0" ci="3" mb="0" cb="0"/><line nr="102" mi="0" ci="3" mb="0" cb="0"/><line nr="103" mi="0" ci="4" mb="0" cb="0"/><line nr="105" mi="0" ci="3" mb="0" cb="0"/><line nr="106" mi="0" ci="4" mb="0" cb="0"/><line nr="108" mi="0" ci="6" mb="0" cb="0"/><line nr="109" mi="0" ci="6" mb="0" cb="0"/><line nr="111" mi="0" ci="5" mb="0" cb="2"/><line nr="112" mi="0" ci="7" mb="0" cb="0"/><line nr="118" mi="0" ci="10" mb="0" cb="0"/><counter type="INSTRUCTION" missed="8" covered="178"/><counter type="BRANCH" missed="2" covered="16"/><counter type="LINE" missed="2" covered="39"/><counter type="COMPLEXITY" missed="3" covered="8"/><counter type="METHOD" missed="1" covered="1"/><counter type="CLASS" missed="0" covered="1"/></sourcefile><sourcefile name="CNumber.java"><line nr="41" mi="0" ci="4" mb="0" cb="0"/><line nr="45" mi="0" ci="5" mb="0" cb="0"/><line nr="49" mi="0" ci="5" mb="0" cb="0"/><line nr="53" mi="0" ci="5" mb="0" cb="0"/><line nr="57" mi="0" ci="5" mb="0" cb="0"/><line nr="61" mi="0" ci="5" mb="0" cb="0"/><line nr="65" mi="0" ci="6" mb="0" cb="0"/><line nr="69" mi="0" ci="6" mb="0" cb="0"/><line nr="73" mi="0" ci="6" mb="0" cb="0"/><line nr="77" mi="0" ci="6" mb="0" cb="0"/><line nr="81" mi="0" ci="5" mb="0" cb="0"/><line nr="85" mi="0" ci="5" mb="0" cb="0"/><line nr="89" mi="0" ci="5" mb="0" cb="0"/><line nr="93" mi="0" ci="5" mb="0" cb="0"/><line nr="97" mi="0" ci="5" mb="0" cb="0"/><line nr="101" mi="0" ci="7" mb="0" cb="0"/><line nr="116" mi="0" ci="2" mb="0" cb="0"/><line nr="117" mi="0" ci="3" mb="0" cb="0"/><line nr="118" mi="0" ci="3" mb="0" cb="0"/><line nr="119" mi="0" ci="1" mb="0" cb="0"/><line nr="126" mi="0" ci="2" mb="0" cb="0"/><line nr="127" mi="0" ci="3" mb="0" cb="0"/><line nr="128" mi="0" ci="3" mb="0" cb="0"/><line nr="129" mi="0" ci="1" mb="0" cb="0"/><line nr="137" mi="0" ci="2" mb="0" cb="0"/><line nr="138" mi="0" ci="3" mb="0" cb="0"/><line nr="139" mi="0" ci="3" mb="0" cb="0"/><line nr="140" mi="0" ci="1" mb="0" cb="0"/><line nr="147" mi="0" ci="2" mb="0" cb="0"/><line nr="148" mi="0" ci="4" mb="0" cb="0"/><line nr="149" mi="0" ci="4" mb="0" cb="0"/><line nr="150" mi="0" ci="1" mb="0" cb="0"/><line nr="158" mi="0" ci="2" mb="0" cb="0"/><line nr="159" mi="0" ci="3" mb="0" cb="0"/><line nr="160" mi="0" ci="4" mb="0" cb="0"/><line nr="161" mi="0" ci="4" mb="0" cb="0"/><line nr="162" mi="0" ci="1" mb="0" cb="0"/><line nr="170" mi="5" ci="0" mb="0" cb="0"/><line nr="180" mi="0" ci="5" mb="0" cb="0"/><line nr="192" mi="0" ci="2" mb="0" cb="0"/><line nr="194" mi="0" ci="3" mb="0" cb="2"/><line nr="195" mi="0" ci="3" mb="0" cb="0"/><line nr="197" mi="0" ci="12" mb="0" cb="4"/><line nr="198" mi="0" ci="2" mb="0" cb="0"/><line nr="200" mi="0" ci="4" mb="0" cb="2"/><line nr="201" mi="0" ci="3" mb="0" cb="0"/><line nr="203" mi="0" ci="11" mb="1" cb="3"/><line nr="204" mi="0" ci="2" mb="0" cb="0"/><line nr="206" mi="0" ci="4" mb="1" cb="1"/><line nr="207" mi="0" ci="3" mb="0" cb="0"/><line nr="209" mi="0" ci="12" mb="1" cb="3"/><line nr="210" mi="0" ci="2" mb="0" cb="0"/><line nr="214" mi="0" ci="2" mb="0" cb="0"/><line nr="226" mi="0" ci="14" mb="1" cb="3"/><line nr="227" mi="0" ci="2" mb="0" cb="0"/><line nr="237" mi="0" ci="2" mb="0" cb="0"/><line nr="238" mi="0" ci="2" mb="0" cb="0"/><line nr="240" mi="0" ci="6" mb="0" cb="0"/><line nr="241" mi="0" ci="8" mb="0" cb="0"/><line nr="242" mi="0" ci="2" mb="0" cb="0"/><line nr="255" mi="0" ci="4" mb="0" cb="0"/><line nr="268" mi="0" ci="4" mb="0" cb="0"/><line nr="281" mi="0" ci="4" mb="0" cb="0"/><line nr="294" mi="0" ci="3" mb="0" cb="0"/><line nr="303" mi="0" ci="3" mb="0" cb="0"/><line nr="313" mi="0" ci="4" mb="0" cb="0"/><line nr="322" mi="0" ci="4" mb="0" cb="0"/><line nr="332" mi="0" ci="4" mb="0" cb="0"/><line nr="342" mi="0" ci="14" mb="0" cb="0"/><line nr="352" mi="0" ci="10" mb="0" cb="0"/><line nr="362" mi="0" ci="14" mb="0" cb="0"/><line nr="372" mi="0" ci="10" mb="0" cb="0"/><line nr="382" mi="0" ci="2" mb="0" cb="0"/><line nr="383" mi="0" ci="2" mb="0" cb="0"/><line nr="385" mi="0" ci="16" mb="0" cb="2"/><line nr="386" mi="0" ci="5" mb="0" cb="0"/><line nr="387" mi="0" ci="5" mb="0" cb="0"/><line nr="390" mi="0" ci="6" mb="0" cb="0"/><line nr="401" mi="0" ci="26" mb="0" cb="0"/><line nr="415" mi="0" ci="12" mb="0" cb="0"/><line nr="428" mi="0" ci="8" mb="1" cb="3"/><line nr="429" mi="0" ci="5" mb="0" cb="0"/><line nr="431" mi="0" ci="7" mb="0" cb="4"/><line nr="432" mi="0" ci="15" mb="0" cb="0"/><line nr="435" mi="0" ci="12" mb="0" cb="0"/><line nr="437" mi="0" ci="30" mb="0" cb="0"/><line nr="442" mi="0" ci="2" mb="0" cb="0"/><line nr="455" mi="0" ci="8" mb="1" cb="3"/><line nr="456" mi="0" ci="5" mb="0" cb="0"/><line nr="459" mi="0" ci="12" mb="0" cb="0"/><line nr="462" mi="0" ci="2" mb="0" cb="0"/><line nr="473" mi="0" ci="6" mb="0" cb="0"/><line nr="484" mi="0" ci="6" mb="0" cb="0"/><line nr="494" mi="0" ci="13" mb="0" cb="0"/><line nr="503" mi="0" ci="10" mb="0" cb="0"/><line nr="512" mi="0" ci="4" mb="0" cb="0"/><line nr="521" mi="0" ci="9" mb="0" cb="0"/><line nr="533" mi="0" ci="7" mb="0" cb="0"/><line nr="547" mi="0" ci="3" mb="0" cb="2"/><line nr="548" mi="0" ci="6" mb="0" cb="0"/><line nr="551" mi="0" ci="3" mb="0" cb="0"/><line nr="552" mi="0" ci="12" mb="0" cb="0"/><line nr="553" mi="0" ci="3" mb="0" cb="0"/><line nr="556" mi="0" ci="2" mb="0" cb="0"/><line nr="570" mi="0" ci="3" mb="0" cb="2"/><line nr="571" mi="0" ci="3" mb="0" cb="2"/><line nr="572" mi="0" ci="7" mb="0" cb="0"/><line nr="574" mi="0" ci="6" mb="0" cb="0"/><line nr="577" mi="0" ci="6" mb="0" cb="0"/><line nr="580" mi="0" ci="2" mb="0" cb="0"/><line nr="591" mi="0" ci="3" mb="0" cb="0"/><line nr="592" mi="0" ci="5" mb="0" cb="0"/><line nr="602" mi="0" ci="4" mb="0" cb="0"/><line nr="603" mi="0" ci="6" mb="0" cb="0"/><line nr="604" mi="0" ci="6" mb="0" cb="0"/><line nr="606" mi="0" ci="6" mb="0" cb="0"/><line nr="619" mi="0" ci="4" mb="0" cb="2"/><line nr="620" mi="0" ci="7" mb="0" cb="0"/><line nr="622" mi="0" ci="6" mb="0" cb="0"/><line nr="625" mi="0" ci="2" mb="0" cb="0"/><line nr="638" mi="0" ci="8" mb="0" cb="4"/><line nr="639" mi="0" ci="8" mb="0" cb="0"/><line nr="642" mi="0" ci="14" mb="0" cb="0"/><line nr="643" mi="0" ci="6" mb="0" cb="0"/><line nr="645" mi="0" ci="6" mb="0" cb="0"/><line nr="648" mi="0" ci="2" mb="0" cb="0"/><line nr="662" mi="0" ci="4" mb="0" cb="2"/><line nr="663" mi="0" ci="7" mb="0" cb="0"/><line nr="665" mi="0" ci="6" mb="0" cb="0"/><line nr="668" mi="0" ci="2" mb="0" cb="0"/><line nr="682" mi="0" ci="8" mb="0" cb="4"/><line nr="683" mi="0" ci="8" mb="0" cb="0"/><line nr="686" mi="0" ci="3" mb="0" cb="0"/><line nr="687" mi="0" ci="6" mb="0" cb="0"/><line nr="689" mi="0" ci="4" mb="0" cb="0"/><line nr="692" mi="0" ci="2" mb="0" cb="0"/><line nr="702" mi="0" ci="10" mb="0" cb="0"/><line nr="712" mi="0" ci="7" mb="0" cb="0"/><line nr="723" mi="0" ci="3" mb="0" cb="0"/><line nr="724" mi="0" ci="3" mb="0" cb="0"/><line nr="726" mi="0" ci="4" mb="0" cb="0"/><line nr="738" mi="0" ci="4" mb="0" cb="2"/><line nr="739" mi="0" ci="7" mb="0" cb="0"/><line nr="741" mi="0" ci="8" mb="0" cb="0"/><line nr="744" mi="0" ci="2" mb="0" cb="0"/><line nr="756" mi="0" ci="8" mb="0" cb="4"/><line nr="757" mi="0" ci="8" mb="0" cb="0"/><line nr="759" mi="0" ci="8" mb="1" cb="3"/><line nr="760" mi="0" ci="10" mb="0" cb="0"/><line nr="763" mi="0" ci="3" mb="0" cb="0"/><line nr="764" mi="0" ci="7" mb="0" cb="0"/><line nr="766" mi="0" ci="8" mb="0" cb="0"/><line nr="767" mi="0" ci="10" mb="0" cb="0"/><line nr="769" mi="0" ci="6" mb="0" cb="0"/><line nr="772" mi="0" ci="2" mb="0" cb="0"/><line nr="786" mi="0" ci="4" mb="0" cb="2"/><line nr="787" mi="0" ci="2" mb="0" cb="0"/><line nr="789" mi="0" ci="5" mb="0" cb="2"/><line nr="790" mi="0" ci="5" mb="0" cb="2"/><line nr="791" mi="0" ci="6" mb="0" cb="0"/><line nr="793" mi="0" ci="6" mb="0" cb="0"/><line nr="796" mi="0" ci="5" mb="0" cb="0"/><line nr="799" mi="0" ci="2" mb="0" cb="0"/><line nr="808" mi="0" ci="3" mb="0" cb="0"/><line nr="811" mi="0" ci="5" mb="0" cb="0"/><line nr="812" mi="0" ci="8" mb="0" cb="0"/><line nr="814" mi="0" ci="2" mb="0" cb="0"/><line nr="825" mi="0" ci="5" mb="0" cb="0"/><line nr="826" mi="0" ci="5" mb="0" cb="0"/><line nr="828" mi="0" ci="6" mb="0" cb="0"/><line nr="841" mi="6" ci="0" mb="0" cb="0"/><line nr="854" mi="3" ci="0" mb="0" cb="0"/><line nr="867" mi="3" ci="0" mb="0" cb="0"/><line nr="880" mi="9" ci="0" mb="0" cb="0"/><line nr="891" mi="0" ci="6" mb="0" cb="0"/><line nr="901" mi="0" ci="8" mb="0" cb="0"/><line nr="902" mi="0" ci="8" mb="0" cb="0"/><line nr="904" mi="0" ci="6" mb="0" cb="0"/><line nr="915" mi="6" ci="0" mb="0" cb="0"/><line nr="925" mi="6" ci="0" mb="0" cb="0"/><line nr="926" mi="3" ci="0" mb="0" cb="0"/><line nr="928" mi="5" ci="0" mb="0" cb="0"/><line nr="939" mi="6" ci="0" mb="0" cb="0"/><line nr="949" mi="7" ci="0" mb="0" cb="0"/><line nr="950" mi="5" ci="0" mb="0" cb="0"/><line nr="952" mi="4" ci="0" mb="0" cb="0"/><line nr="963" mi="0" ci="6" mb="0" cb="0"/><line nr="973" mi="0" ci="8" mb="0" cb="0"/><line nr="974" mi="0" ci="8" mb="0" cb="0"/><line nr="976" mi="0" ci="6" mb="0" cb="0"/><line nr="987" mi="6" ci="0" mb="0" cb="0"/><line nr="997" mi="5" ci="0" mb="0" cb="0"/><line nr="999" mi="5" ci="0" mb="0" cb="0"/><line nr="1010" mi="6" ci="0" mb="0" cb="0"/><line nr="1020" mi="7" ci="0" mb="0" cb="0"/><line nr="1021" mi="5" ci="0" mb="0" cb="0"/><line nr="1023" mi="4" ci="0" mb="0" cb="0"/><line nr="1034" mi="0" ci="6" mb="0" cb="0"/><line nr="1044" mi="0" ci="7" mb="0" cb="0"/><line nr="1045" mi="0" ci="3" mb="0" cb="0"/><line nr="1046" mi="0" ci="5" mb="0" cb="0"/><line nr="1047" mi="0" ci="8" mb="0" cb="0"/><line nr="1049" mi="0" ci="4" mb="0" cb="0"/><line nr="1060" mi="6" ci="0" mb="0" cb="0"/><line nr="1070" mi="3" ci="0" mb="0" cb="0"/><line nr="1071" mi="4" ci="0" mb="0" cb="0"/><line nr="1072" mi="4" ci="0" mb="0" cb="0"/><line nr="1073" mi="5" ci="0" mb="0" cb="0"/><line nr="1075" mi="4" ci="0" mb="0" cb="0"/><line nr="1086" mi="6" ci="0" mb="0" cb="0"/><line nr="1096" mi="5" ci="0" mb="0" cb="0"/><line nr="1097" mi="4" ci="0" mb="0" cb="0"/><line nr="1098" mi="4" ci="0" mb="0" cb="0"/><line nr="1100" mi="4" ci="0" mb="0" cb="0"/><line nr="1109" mi="0" ci="9" mb="0" cb="2"/><line nr="1118" mi="0" ci="9" mb="0" cb="2"/><line nr="1127" mi="0" ci="9" mb="0" cb="2"/><line nr="1140" mi="0" ci="4" mb="0" cb="0"/><line nr="1157" mi="0" ci="2" mb="0" cb="2"/><line nr="1158" mi="0" ci="7" mb="0" cb="0"/><line nr="1161" mi="0" ci="8" mb="0" cb="0"/><line nr="1162" mi="0" ci="8" mb="0" cb="0"/><line nr="1164" mi="0" ci="6" mb="0" cb="0"/><line nr="1178" mi="0" ci="4" mb="0" cb="2"/><line nr="1179" mi="0" ci="6" mb="0" cb="0"/><line nr="1182" mi="0" ci="9" mb="0" cb="2"/><line nr="1196" mi="0" ci="6" mb="0" cb="0"/><line nr="1210" mi="0" ci="5" mb="0" cb="0"/><line nr="1225" mi="0" ci="7" mb="0" cb="0"/><line nr="1235" mi="0" ci="2" mb="0" cb="0"/><line nr="1238" mi="0" ci="3" mb="0" cb="2"/><line nr="1239" mi="0" ci="5" mb="0" cb="0"/><line nr="1242" mi="0" ci="16" mb="0" cb="2"/><line nr="1243" mi="0" ci="3" mb="0" cb="0"/><line nr="1244" mi="0" ci="4" mb="0" cb="2"/><line nr="1245" mi="0" ci="2" mb="0" cb="0"/><line nr="1249" mi="0" ci="5" mb="0" cb="0"/><line nr="1260" mi="0" ci="2" mb="0" cb="0"/><line nr="1263" mi="0" ci="3" mb="0" cb="2"/><line nr="1264" mi="0" ci="2" mb="0" cb="0"/><line nr="1267" mi="0" ci="16" mb="0" cb="2"/><line nr="1268" mi="0" ci="3" mb="0" cb="0"/><line nr="1269" mi="0" ci="4" mb="0" cb="2"/><line nr="1270" mi="0" ci="2" mb="0" cb="0"/><line nr="1274" mi="0" ci="5" mb="0" cb="0"/><line nr="1284" mi="0" ci="2" mb="0" cb="0"/><line nr="1287" mi="0" ci="3" mb="0" cb="2"/><line nr="1288" mi="0" ci="5" mb="0" cb="0"/><line nr="1291" mi="0" ci="16" mb="0" cb="2"/><line nr="1292" mi="0" ci="3" mb="0" cb="0"/><line nr="1293" mi="0" ci="4" mb="0" cb="2"/><line nr="1294" mi="0" ci="2" mb="0" cb="0"/><line nr="1298" mi="0" ci="5" mb="0" cb="0"/><line nr="1309" mi="0" ci="2" mb="0" cb="0"/><line nr="1312" mi="0" ci="3" mb="0" cb="2"/><line nr="1313" mi="0" ci="2" mb="0" cb="0"/><line nr="1316" mi="0" ci="16" mb="0" cb="2"/><line nr="1317" mi="0" ci="3" mb="0" cb="0"/><line nr="1318" mi="0" ci="4" mb="0" cb="2"/><line nr="1319" mi="0" ci="2" mb="0" cb="0"/><line nr="1323" mi="0" ci="5" mb="0" cb="0"/><line nr="1333" mi="0" ci="2" mb="0" cb="0"/><line nr="1335" mi="0" ci="2" mb="0" cb="0"/><line nr="1337" mi="0" ci="3" mb="0" cb="2"/><line nr="1338" mi="0" ci="5" mb="0" cb="0"/><line nr="1341" mi="0" ci="8" mb="0" cb="2"/><line nr="1342" mi="0" ci="5" mb="0" cb="0"/><line nr="1343" mi="0" ci="4" mb="0" cb="2"/><line nr="1344" mi="0" ci="2" mb="0" cb="0"/><line nr="1345" mi="0" ci="2" mb="0" cb="0"/><line nr="1349" mi="0" ci="2" mb="0" cb="0"/><line nr="1359" mi="0" ci="2" mb="0" cb="0"/><line nr="1361" mi="0" ci="2" mb="0" cb="0"/><line nr="1363" mi="0" ci="3" mb="0" cb="2"/><line nr="1364" mi="0" ci="2" mb="0" cb="0"/><line nr="1367" mi="0" ci="8" mb="0" cb="2"/><line nr="1368" mi="0" ci="5" mb="0" cb="0"/><line nr="1369" mi="0" ci="4" mb="1" cb="1"/><line nr="1370" mi="0" ci="2" mb="0" cb="0"/><line nr="1371" mi="0" ci="2" mb="0" cb="0"/><line nr="1375" mi="0" ci="2" mb="0" cb="0"/><line nr="1385" mi="0" ci="2" mb="0" cb="0"/><line nr="1387" mi="0" ci="2" mb="0" cb="0"/><line nr="1389" mi="0" ci="3" mb="0" cb="2"/><line nr="1390" mi="0" ci="5" mb="0" cb="0"/><line nr="1393" mi="0" ci="8" mb="0" cb="2"/><line nr="1394" mi="0" ci="5" mb="0" cb="0"/><line nr="1395" mi="0" ci="4" mb="0" cb="2"/><line nr="1396" mi="0" ci="2" mb="0" cb="0"/><line nr="1397" mi="0" ci="2" mb="0" cb="0"/><line nr="1401" mi="0" ci="2" mb="0" cb="0"/><line nr="1412" mi="0" ci="2" mb="0" cb="0"/><line nr="1414" mi="0" ci="2" mb="0" cb="0"/><line nr="1416" mi="0" ci="3" mb="0" cb="2"/><line nr="1417" mi="0" ci="2" mb="0" cb="0"/><line nr="1420" mi="0" ci="16" mb="0" cb="2"/><line nr="1421" mi="0" ci="3" mb="0" cb="0"/><line nr="1422" mi="0" ci="4" mb="0" cb="2"/><line nr="1423" mi="0" ci="2" mb="0" cb="0"/><line nr="1427" mi="0" ci="2" mb="0" cb="0"/><line nr="1436" mi="0" ci="10" mb="1" cb="3"/><line nr="1437" mi="0" ci="18" mb="0" cb="6"/><line nr="1446" mi="0" ci="9" mb="0" cb="2"/><line nr="1455" mi="0" ci="12" mb="0" cb="4"/><line nr="1464" mi="0" ci="12" mb="0" cb="4"/><line nr="1473" mi="0" ci="12" mb="0" cb="4"/><line nr="1483" mi="0" ci="3" mb="0" cb="0"/><line nr="1492" mi="0" ci="3" mb="0" cb="0"/><line nr="1502" mi="0" ci="4" mb="0" cb="0"/><line nr="1511" mi="0" ci="2" mb="0" cb="0"/><line nr="1513" mi="0" ci="6" mb="0" cb="0"/><line nr="1515" mi="0" ci="4" mb="0" cb="2"/><line nr="1516" mi="0" ci="6" mb="0" cb="2"/><line nr="1517" mi="0" ci="6" mb="0" cb="0"/><line nr="1519" mi="0" ci="4" mb="0" cb="0"/><line nr="1523" mi="0" ci="4" mb="0" cb="2"/><line nr="1524" mi="0" ci="8" mb="0" cb="4"/><line nr="1525" mi="0" ci="3" mb="0" cb="0"/><line nr="1526" mi="0" ci="4" mb="0" cb="0"/><line nr="1527" mi="0" ci="4" mb="0" cb="2"/><line nr="1528" mi="0" ci="3" mb="0" cb="0"/><line nr="1531" mi="0" ci="6" mb="0" cb="2"/><line nr="1532" mi="0" ci="4" mb="0" cb="2"/><line nr="1533" mi="0" ci="4" mb="0" cb="2"/><line nr="1534" mi="0" ci="4" mb="0" cb="0"/><line nr="1536" mi="0" ci="6" mb="0" cb="0"/><line nr="1540" mi="0" ci="4" mb="0" cb="0"/><line nr="1543" mi="0" ci="3" mb="0" cb="0"/><line nr="1546" mi="0" ci="8" mb="0" cb="4"/><line nr="1547" mi="0" ci="2" mb="0" cb="0"/><line nr="1550" mi="0" ci="2" mb="0" cb="0"/><counter type="INSTRUCTION" missed="155" covered="1602"/><counter type="BRANCH" missed="9" covered="167"/><counter type="LINE" missed="31" covered="300"/><counter type="COMPLEXITY" missed="26" covered="161"/><counter type="METHOD" missed="17" covered="82"/><counter type="CLASS" missed="0" covered="1"/></sourcefile><counter type="INSTRUCTION" missed="219" covered="2118"/><counter type="BRANCH" missed="24" covered="246"/><counter type="LINE" missed="44" covered="426"/><counter type="COMPLEXITY" missed="45" covered="206"/><counter type="METHOD" missed="21" covered="95"/><counter type="CLASS" missed="0" covered="4"/></package><counter type="INSTRUCTION" missed="1208" covered="7972"/><counter type="BRANCH" missed="76" covered="590"/><counter type="LINE" missed="334" covered="1365"/><counter type="COMPLEXITY" missed="275" covered="651"/><counter type="METHOD" missed="219" covered="374"/><counter type="CLASS" missed="9" covered="45"/></report>