GROUP,PACKAGE,CLASS,INSTRUCTION_MISSED,INSTRUCTION_COVERED,BRANCH_MISSED,BRANCH_COVERED,LINE_MISSED,LINE_COVERED,COMPLEXITY_MISSED,COMPLEXITY_COVERED,METHOD_MISSED,METHOD_COVERED
Flag4j,com.flag4j.util,ArrayUtils,188,626,24,58,31,105,20,51,7,23
Flag4j,com.flag4j.util,Axis2D,0,34,0,0,0,6,0,4,0,4
Flag4j,com.flag4j.util,ShapeArrayChecks,26,210,5,33,5,45,5,27,2,11
Flag4j,com.flag4j.util,RandomTensor,136,15,10,0,24,4,11,1,6,1
Flag4j,com.flag4j.util,ErrorMessages,57,146,0,0,6,15,5,14,5,14
Flag4j,com.flag4j.util,RandomCNumber,0,184,2,14,0,29,2,13,0,7
Flag4j,com.flag4j.util,StringUtils,7,46,1,5,2,9,2,4,1,2
Flag4j,com.flag4j.util,ParameterChecks,22,233,3,37,4,50,4,30,1,13
Flag4j,com.flag4j.operations.dense.complex,ComplexDenseProperties,7,27,0,4,2,6,1,3,1,1
Flag4j,com.flag4j.operations.dense.complex,ComplexDenseEquals,7,24,0,4,2,2,1,4,1,2
Flag4j,com.flag4j.operations.dense.complex,ComplexDenseSetOperations,17,371,0,28,4,51,2,25,2,11
Flag4j,com.flag4j.operations.dense.complex,ComplexDenseTranspose,211,450,12,40,40,96,13,32,7,12
Flag4j,com.flag4j.operations.dense.complex,ComplexDenseMatrixMultiplication,7,1086,16,100,2,152,17,60,1,18
Flag4j,com.flag4j.operations.dense.complex,ComplexDenseOperations,374,221,28,20,65,40,26,19,12,9
Flag4j,com.flag4j.operations.dense.complex,AggregateDenseComplex,63,0,8,0,16,0,7,0,3,0
Flag4j,com.flag4j.operations.dense_sparse.complex,ComplexDenseSparseMatrixMultiplication,620,0,42,0,102,0,37,0,16,0
Flag4j,com.flag4j.operations.dense_sparse.complex,ComplexDenseSparseEquals,7,91,0,8,2,16,1,5,1,1
Flag4j,com.flag4j.operations.dense_sparse.complex,ComplexDenseSparseOperations,156,0,6,0,23,0,7,0,4,0
Flag4j,com.flag4j.core,TensorBase,41,20,6,0,6,7,6,4,3,4
Flag4j,com.flag4j.core,SparseTensorBase,40,58,0,4,6,10,2,4,2,2
Flag4j,com.flag4j.core,VectorBase,37,25,2,0,4,6,2,3,1,3
Flag4j,com.flag4j.core,SparseMatrixBase,44,48,0,2,8,9,3,3,3,2
Flag4j,com.flag4j.core,MatrixBase,8,27,1,1,1,7,1,3,0,3
Flag4j,com.flag4j.core,RealMatrixBase,26,5,0,0,3,2,1,1,1,1
Flag4j,com.flag4j.core,ComplexMatrixBase,0,5,0,0,0,2,0,1,0,1
Flag4j,com.flag4j.core,SparseVectorBase,44,42,0,2,8,8,3,3,3,2
Flag4j,com.flag4j.core,VectorOrientation,0,21,0,0,0,4,0,1,0,1
Flag4j,com.flag4j.operations.dense.real,RealDenseOperations,7,430,0,34,2,76,1,31,1,14
Flag4j,com.flag4j.operations.dense.real,RealDenseSetOperations,10,269,0,22,3,39,2,19,2,8
Flag4j,com.flag4j.operations.dense.real,RealDenseCheckOperations,7,54,0,8,2,12,1,6,1,2
Flag4j,com.flag4j.operations.dense.real,AggregateDenseReal,7,52,0,8,2,14,1,6,1,2
Flag4j,com.flag4j.operations.dense.real,RealDenseTranspose,7,321,0,26,2,67,1,22,1,9
Flag4j,com.flag4j.operations.dense.real,RealDenseProperties,7,27,0,4,2,6,1,3,1,1
Flag4j,com.flag4j.operations.dense.real,RealDenseEquals,7,24,1,3,2,2,2,3,1,2
Flag4j,com.flag4j.operations.dense.real,RealDenseMatrixMultiplication,7,1121,13,97,2,186,14,60,1,18
Flag4j,com.flag4j.operations.sparse.complex,ComplexSparseMatrixMultiplication,7,260,0,20,2,50,1,16,1,6
Flag4j,com.flag4j.operations.dense.real_complex,RealComplexDenseOperations,34,259,2,16,7,39,3,17,2,9
Flag4j,com.flag4j.operations.dense.real_complex,RealComplexDenseEquals,7,24,0,4,2,2,1,4,1,2
Flag4j,com.flag4j.operations.dense.real_complex,RealComplexDenseMatrixMultiplication,7,2288,26,194,2,396,27,120,1,36
Flag4j,com.flag4j.operations.sparse.real_complex,RealComplexSparseMatrixMultiplication,541,0,40,0,98,0,33,0,13,0
Flag4j,com.flag4j.operations,MatrixTranspose,142,40,14,2,30,9,14,2,5,2
Flag4j,com.flag4j.operations,MatrixMultiply.Algorithm,0,75,0,0,0,4,0,1,0,1
Flag4j,com.flag4j.operations,MatrixMultiply,1231,190,155,10,238,41,116,7,9,7
Flag4j,com.flag4j.operations,MatrixTranspose.Algorithm,0,27,0,0,0,2,0,1,0,1
Flag4j,com.flag4j.operations.dense_sparse.real,RealDenseSparseMatrixMultiplication,7,638,4,38,2,101,5,32,1,15
Flag4j,com.flag4j.operations.dense_sparse.real,RealDenseSparseOperations,69,153,2,6,10,21,3,6,2,3
Flag4j,com.flag4j.operations.dense_sparse.real,RealDenseSparseEquals,7,88,0,8,2,16,1,5,1,1
Flag4j,com.flag4j.complex_numbers,CNumberLexer,32,295,10,60,5,76,11,31,1,6
Flag4j,com.flag4j.complex_numbers,CNumberParser,8,166,2,14,2,37,3,7,1,1
Flag4j,com.flag4j.complex_numbers,CNumberToken,12,55,1,7,4,12,2,10,1,7
Flag4j,com.flag4j.complex_numbers,CNumber,175,1632,10,168,37,306,28,164,19,84
Flag4j,com.flag4j.operations.sparse.real,RealSparseMatrixMultiplication,282,0,20,0,50,0,17,0,7,0
Flag4j,com.flag4j.operations.concurrency,CheckConcurrent,31,23,10,4,6,7,9,2,2,2
Flag4j,com.flag4j.operations.concurrency,Configurations,46,13,0,0,15,5,7,3,7,3
Flag4j,com.flag4j.operations.concurrency,ThreadManager,12,77,2,2,2,18,3,6,1,6
Flag4j,com.flag4j.operations.dense_sparse.real_complex,RealComplexDenseSparseOperations,223,159,8,6,31,21,9,6,5,3
Flag4j,com.flag4j.operations.dense_sparse.real_complex,RealComplexDenseSparseEquals,7,189,0,18,2,32,1,11,1,2
Flag4j,com.flag4j.operations.dense_sparse.real_complex,RealComplexDenseSparseMatrixMultiplication,7,1276,8,76,2,218,9,64,1,30
Flag4j,com.flag4j,CVector,0,158,0,0,0,37,0,13,0,13
Flag4j,com.flag4j,SparseTensor,0,70,0,2,0,10,0,5,0,4
Flag4j,com.flag4j,Tensor,21,83,0,6,4,16,2,8,2,5
Flag4j,com.flag4j,SparseCTensor,0,118,0,6,0,16,0,8,0,5
Flag4j,com.flag4j,CMatrix,5038,1424,306,94,584,162,292,89,139,42
Flag4j,com.flag4j,SparseVector,0,80,0,0,0,16,0,7,0,7
Flag4j,com.flag4j,Shape,35,408,6,34,5,66,6,31,2,15
Flag4j,com.flag4j,Matrix,431,5803,23,359,58,666,32,334,19,156
Flag4j,com.flag4j,SparseMatrix,0,189,0,0,0,20,0,10,0,10
Flag4j,com.flag4j,Vector,0,122,0,4,0,24,0,11,0,9
Flag4j,com.flag4j,CTensor,0,145,0,6,0,29,0,11,0,8
Flag4j,com.flag4j,SparseCMatrix,0,288,0,0,0,35,0,13,0,13
Flag4j,com.flag4j,SparseCVector,0,125,0,0,0,23,0,9,0,9
Flag4j,com.flag4j.linalg,Hessenburg,3,0,0,0,1,0,1,0,1,0
Flag4j,com.flag4j.linalg,Eigen,3,0,0,0,1,0,1,0,1,0
Flag4j,com.flag4j.linalg,SubSpace,3,0,0,0,1,0,1,0,1,0
Flag4j,com.flag4j.linalg,Decompose,3,0,0,0,1,0,1,0,1,0
Flag4j,com.flag4j.linalg,RowEchelon,3,0,0,0,1,0,1,0,1,0
Flag4j,com.flag4j.linalg,PositiveDefiniteness,3,0,0,0,1,0,1,0,1,0
Flag4j,com.flag4j.linalg,CreateMatrix,3,0,0,0,1,0,1,0,1,0
Flag4j,com.flag4j.operations.common.complex,AggregateComplex,80,25,10,2,14,4,8,2,3,1
Flag4j,com.flag4j.operations.common.complex,ComplexOperations,177,0,18,0,34,0,17,0,8,0
Flag4j,com.flag4j.io,TensorReader,3,0,0,0,1,0,1,0,1,0
Flag4j,com.flag4j.io,TensorWriter,3,0,0,0,1,0,1,0,1,0
Flag4j,com.flag4j.io,PrintOptions,7,83,0,8,2,34,1,16,1,12
Flag4j,com.flag4j.operations.common.real,Aggregate,7,150,0,24,2,30,1,17,1,5
Flag4j,com.flag4j.operations.common.real,RealOperations,7,169,0,18,2,32,1,15,1,6
Flag4j,com.flag4j.linalg.decompositions,LUDecomposition,13,13,0,0,4,5,1,1,1,1
Flag4j,com.flag4j.linalg.decompositions,RealLUDecomposition,15,557,1,45,5,73,3,34,2,12
Flag4j,com.flag4j.linalg.decompositions,LUDecomposition.Pivoting,0,35,0,4,0,7,0,4,0,2
