<?xml version="1.0" encoding="UTF-8"?>
<testsuite xmlns:xsi="http://www.w3.org/2001/XMLSchema-instance" xsi:noNamespaceSchemaLocation="https://maven.apache.org/surefire/maven-surefire-plugin/xsd/surefire-test-report-3.0.xsd" version="3.0" name="com.flag4j.complex_numbers.CNumberExponentialTest" time="0.007" tests="12" errors="0" skipped="0" failures="0">
  <properties>
[...]
</properties>
  <testcase name="logDoubleTest" classname="com.flag4j.complex_numbers.CNumberExponentialTest" time="0"/>
  <testcase name="powTestCase" classname="com.flag4j.complex_numbers.CNumberExponentialTest" time="0"/>
  <testcase name="lnTest" classname="com.flag4j.complex_numbers.CNumberExponentialTest" time="0.001"/>
  <testcase name="expTestCase" classname="com.flag4j.complex_numbers.CNumberExponentialTest" time="0"/>
  <testcase name="lnDoubleTest" classname="com.flag4j.complex_numbers.CNumberExponentialTest" time="0.001"/>
  <testcase name="powerTwoDoubleTest" classname="com.flag4j.complex_numbers.CNumberExponentialTest" time="0"/>
  <testcase name="logBaseTest" classname="com.flag4j.complex_numbers.CNumberExponentialTest" time="0.001"/>
  <testcase name="logTest" classname="com.flag4j.complex_numbers.CNumberExponentialTest" time="0"/>
  <testcase name="expDoubleTestCase" classname="com.flag4j.complex_numbers.CNumberExponentialTest" time="0.001"/>
  <testcase name="powerOneDoubleTest" classname="com.flag4j.complex_numbers.CNumberExponentialTest" time="0"/>
  <testcase name="logDoubleBaseDoubleTest" classname="com.flag4j.complex_numbers.CNumberExponentialTest" time="0.001"/>
  <testcase name="logBaseDoubleTest" classname="com.flag4j.complex_numbers.CNumberExponentialTest" time="0"/>
</testsuite>