<?xml version="1.0" encoding="UTF-8"?>
<testsuite xmlns:xsi="http://www.w3.org/2001/XMLSchema-instance" xsi:noNamespaceSchemaLocation="https://maven.apache.org/surefire/maven-surefire-plugin/xsd/surefire-test-report-3.0.xsd" version="3.0" name="com.flag4j.complex_vector.CVectorSubTests" time="0.006" tests="12" errors="0" skipped="0" failures="0">
  <properties>
[...]
</properties>
  <testcase name="realDenseTest" classname="com.flag4j.complex_vector.CVectorSubTests" time="0"/>
  <testcase name="scalCNumberTest" classname="com.flag4j.complex_vector.CVectorSubTests" time="0"/>
  <testcase name="complexSparseEqTest" classname="com.flag4j.complex_vector.CVectorSubTests" time="0.001"/>
  <testcase name="complexDenseEqTest" classname="com.flag4j.complex_vector.CVectorSubTests" time="0"/>
  <testcase name="scalDoubleTest" classname="com.flag4j.complex_vector.CVectorSubTests" time="0"/>
  <testcase name="complexDenseTest" classname="com.flag4j.complex_vector.CVectorSubTests" time="0.001"/>
  <testcase name="realSparseTest" classname="com.flag4j.complex_vector.CVectorSubTests" time="0"/>
  <testcase name="complexSparseTest" classname="com.flag4j.complex_vector.CVectorSubTests" time="0"/>
  <testcase name="realSparseEqTest" classname="com.flag4j.complex_vector.CVectorSubTests" time="0.002"/>
  <testcase name="realDenseEqTest" classname="com.flag4j.complex_vector.CVectorSubTests" time="0"/>
  <testcase name="scalCNumberEqTest" classname="com.flag4j.complex_vector.CVectorSubTests" time="0"/>
  <testcase name="scalDoubleEqTest" classname="com.flag4j.complex_vector.CVectorSubTests" time="0"/>
</testsuite>